TpTrace Verbose: 0 : 72660, 1, 2022/05/10, 23:23:41.682, 2007578379188, vstest.console.dll, Version: 17.0.0-release-20210908-02
TpTrace Information: 0 : 72660, 1, 2022/05/10, 23:23:41.692, 2007578468552, vstest.console.dll, FilePatternParser: The given file C:\Source\CoterieApp\CoterieApp.Test\bin\Debug\net6.0\fine-code-coverage\build-output\CoterieApp.Test.dll is a full path.
TpTrace Verbose: 0 : 72660, 1, 2022/05/10, 23:23:41.699, 2007578534097, vstest.console.dll, TestPluginCache.DiscoverTestExtensions: finding test extensions in assemblies ends with: RuntimeProvider.dll TPluginInfo: Microsoft.VisualStudio.TestPlatform.Common.ExtensionFramework.Utilities.TestRuntimePluginInformation TExtension: Microsoft.VisualStudio.TestPlatform.ObjectModel.Host.ITestRuntimeProvider
TpTrace Verbose: 0 : 72660, 1, 2022/05/10, 23:23:41.699, 2007578538487, vstest.console.dll, TestPluginCache.GetExtensionPaths: Filtered extension paths: 
TpTrace Verbose: 0 : 72660, 1, 2022/05/10, 23:23:41.699, 2007578539168, vstest.console.dll, TestPluginCache.GetExtensionPaths: Added default extension paths: C:\Program Files\dotnet\sdk\6.0.100-rc.2.21505.57\Extensions\Microsoft.Diagnostics.NETCore.Client.dll
C:\Program Files\dotnet\sdk\6.0.100-rc.2.21505.57\Extensions\Microsoft.TestPlatform.Extensions.BlameDataCollector.dll
C:\Program Files\dotnet\sdk\6.0.100-rc.2.21505.57\Extensions\Microsoft.TestPlatform.Extensions.EventLogCollector.dll
C:\Program Files\dotnet\sdk\6.0.100-rc.2.21505.57\Extensions\Microsoft.TestPlatform.TestHostRuntimeProvider.dll
C:\Program Files\dotnet\sdk\6.0.100-rc.2.21505.57\Extensions\Microsoft.VisualStudio.TestPlatform.Extensions.Html.TestLogger.dll
C:\Program Files\dotnet\sdk\6.0.100-rc.2.21505.57\Extensions\Microsoft.VisualStudio.TestPlatform.Extensions.Trx.TestLogger.dll
TpTrace Verbose: 0 : 72660, 1, 2022/05/10, 23:23:41.699, 2007578539393, vstest.console.dll, TestPluginCache.GetExtensionPaths: Added unfilterableExtensionPaths: 
TpTrace Information: 0 : 72660, 1, 2022/05/10, 23:23:41.700, 2007578545406, vstest.console.dll, AssemblyResolver.ctor: Creating AssemblyResolver with searchDirectories C:\Program Files\dotnet\sdk\6.0.100-rc.2.21505.57\Extensions,C:\Program Files\dotnet\sdk\6.0.100-rc.2.21505.57
TpTrace Verbose: 0 : 72660, 1, 2022/05/10, 23:23:41.702, 2007578567041, vstest.console.dll, TestPluginCache.DiscoverTestExtensions: Discovering the extensions using extension path.
TpTrace Verbose: 0 : 72660, 1, 2022/05/10, 23:23:41.702, 2007578568959, vstest.console.dll, TestPluginCache.GetExtensionPaths: Filtered extension paths: 
TpTrace Verbose: 0 : 72660, 1, 2022/05/10, 23:23:41.702, 2007578569311, vstest.console.dll, TestPluginCache.GetExtensionPaths: Added default extension paths: C:\Program Files\dotnet\sdk\6.0.100-rc.2.21505.57\Extensions\Microsoft.Diagnostics.NETCore.Client.dll
C:\Program Files\dotnet\sdk\6.0.100-rc.2.21505.57\Extensions\Microsoft.TestPlatform.Extensions.BlameDataCollector.dll
C:\Program Files\dotnet\sdk\6.0.100-rc.2.21505.57\Extensions\Microsoft.TestPlatform.Extensions.EventLogCollector.dll
C:\Program Files\dotnet\sdk\6.0.100-rc.2.21505.57\Extensions\Microsoft.TestPlatform.TestHostRuntimeProvider.dll
C:\Program Files\dotnet\sdk\6.0.100-rc.2.21505.57\Extensions\Microsoft.VisualStudio.TestPlatform.Extensions.Html.TestLogger.dll
C:\Program Files\dotnet\sdk\6.0.100-rc.2.21505.57\Extensions\Microsoft.VisualStudio.TestPlatform.Extensions.Trx.TestLogger.dll
TpTrace Verbose: 0 : 72660, 1, 2022/05/10, 23:23:41.702, 2007578569512, vstest.console.dll, TestPluginCache.GetExtensionPaths: Added unfilterableExtensionPaths: 
TpTrace Verbose: 0 : 72660, 1, 2022/05/10, 23:23:41.703, 2007578570061, vstest.console.dll, TestPluginCache.DiscoverTestExtensions: Discovering the extensions using allExtensionPaths: C:\Program Files\dotnet\sdk\6.0.100-rc.2.21505.57\Extensions\Microsoft.Diagnostics.NETCore.Client.dll
C:\Program Files\dotnet\sdk\6.0.100-rc.2.21505.57\Extensions\Microsoft.TestPlatform.Extensions.BlameDataCollector.dll
C:\Program Files\dotnet\sdk\6.0.100-rc.2.21505.57\Extensions\Microsoft.TestPlatform.Extensions.EventLogCollector.dll
C:\Program Files\dotnet\sdk\6.0.100-rc.2.21505.57\Extensions\Microsoft.TestPlatform.TestHostRuntimeProvider.dll
C:\Program Files\dotnet\sdk\6.0.100-rc.2.21505.57\Extensions\Microsoft.VisualStudio.TestPlatform.Extensions.Html.TestLogger.dll
C:\Program Files\dotnet\sdk\6.0.100-rc.2.21505.57\Extensions\Microsoft.VisualStudio.TestPlatform.Extensions.Trx.TestLogger.dll
TpTrace Information: 0 : 72660, 1, 2022/05/10, 23:23:41.703, 2007578571656, vstest.console.dll, AssemblyResolver.AddSearchDirectories: Adding more searchDirectories C:\Program Files\dotnet\sdk\6.0.100-rc.2.21505.57\Extensions,C:\Program Files\dotnet\sdk\6.0.100-rc.2.21505.57
TpTrace Information: 0 : 72660, 1, 2022/05/10, 23:23:41.703, 2007578572199, vstest.console.dll, AssemblyResolver.AddSearchDirectories: Adding more searchDirectories C:\Program Files\dotnet\sdk\6.0.100-rc.2.21505.57\Extensions,C:\Program Files\dotnet\sdk\6.0.100-rc.2.21505.57
TpTrace Information: 0 : 72660, 1, 2022/05/10, 23:23:41.703, 2007578572416, vstest.console.dll, AssemblyResolver.AddSearchDirectories: Adding more searchDirectories C:\Program Files\dotnet\sdk\6.0.100-rc.2.21505.57\Extensions,C:\Program Files\dotnet\sdk\6.0.100-rc.2.21505.57
TpTrace Information: 0 : 72660, 1, 2022/05/10, 23:23:41.703, 2007578572594, vstest.console.dll, AssemblyResolver.AddSearchDirectories: Adding more searchDirectories C:\Program Files\dotnet\sdk\6.0.100-rc.2.21505.57\Extensions,C:\Program Files\dotnet\sdk\6.0.100-rc.2.21505.57
TpTrace Information: 0 : 72660, 1, 2022/05/10, 23:23:41.703, 2007578572800, vstest.console.dll, AssemblyResolver.AddSearchDirectories: Adding more searchDirectories C:\Program Files\dotnet\sdk\6.0.100-rc.2.21505.57\Extensions,C:\Program Files\dotnet\sdk\6.0.100-rc.2.21505.57
TpTrace Information: 0 : 72660, 1, 2022/05/10, 23:23:41.703, 2007578573004, vstest.console.dll, AssemblyResolver.AddSearchDirectories: Adding more searchDirectories C:\Program Files\dotnet\sdk\6.0.100-rc.2.21505.57\Extensions,C:\Program Files\dotnet\sdk\6.0.100-rc.2.21505.57
TpTrace Information: 0 : 72660, 1, 2022/05/10, 23:23:41.703, 2007578575917, vstest.console.dll, AssemblyResolver.OnResolve: Microsoft.Diagnostics.NETCore.Client: Resolving assembly.
TpTrace Information: 0 : 72660, 1, 2022/05/10, 23:23:41.703, 2007578576469, vstest.console.dll, AssemblyResolver.OnResolve: Microsoft.Diagnostics.NETCore.Client: Searching in: 'C:\Program Files\dotnet\sdk\6.0.100-rc.2.21505.57\Extensions'.
TpTrace Information: 0 : 72660, 1, 2022/05/10, 23:23:41.704, 2007578581822, vstest.console.dll, AssemblyResolver.OnResolve: Microsoft.Diagnostics.NETCore.Client: Loading assembly 'C:\Program Files\dotnet\sdk\6.0.100-rc.2.21505.57\Extensions\Microsoft.Diagnostics.NETCore.Client.dll'.
TpTrace Information: 0 : 72660, 1, 2022/05/10, 23:23:41.706, 2007578600520, vstest.console.dll, AssemblyResolver.OnResolve: Resolved assembly: Microsoft.Diagnostics.NETCore.Client, from path: C:\Program Files\dotnet\sdk\6.0.100-rc.2.21505.57\Extensions\Microsoft.Diagnostics.NETCore.Client.dll
TpTrace Information: 0 : 72660, 1, 2022/05/10, 23:23:41.712, 2007578667718, vstest.console.dll, AssemblyResolver.OnResolve: Microsoft.Bcl.AsyncInterfaces: Resolving assembly.
TpTrace Information: 0 : 72660, 1, 2022/05/10, 23:23:41.712, 2007578668692, vstest.console.dll, AssemblyResolver.OnResolve: Microsoft.Bcl.AsyncInterfaces: Searching in: 'C:\Program Files\dotnet\sdk\6.0.100-rc.2.21505.57\Extensions'.
TpTrace Information: 0 : 72660, 1, 2022/05/10, 23:23:41.712, 2007578669510, vstest.console.dll, AssemblyResolver.OnResolve: Microsoft.Bcl.AsyncInterfaces: Assembly path does not exist: 'C:\Program Files\dotnet\sdk\6.0.100-rc.2.21505.57\Extensions\Microsoft.Bcl.AsyncInterfaces.dll', returning.
TpTrace Information: 0 : 72660, 1, 2022/05/10, 23:23:41.712, 2007578669936, vstest.console.dll, AssemblyResolver.OnResolve: Microsoft.Bcl.AsyncInterfaces: Assembly path does not exist: 'C:\Program Files\dotnet\sdk\6.0.100-rc.2.21505.57\Extensions\Microsoft.Bcl.AsyncInterfaces.exe', returning.
TpTrace Information: 0 : 72660, 1, 2022/05/10, 23:23:41.713, 2007578670131, vstest.console.dll, AssemblyResolver.OnResolve: Microsoft.Bcl.AsyncInterfaces: Searching in: 'C:\Program Files\dotnet\sdk\6.0.100-rc.2.21505.57'.
TpTrace Information: 0 : 72660, 1, 2022/05/10, 23:23:41.713, 2007578671007, vstest.console.dll, AssemblyResolver.OnResolve: Microsoft.Bcl.AsyncInterfaces: Assembly path does not exist: 'C:\Program Files\dotnet\sdk\6.0.100-rc.2.21505.57\Microsoft.Bcl.AsyncInterfaces.dll', returning.
TpTrace Information: 0 : 72660, 1, 2022/05/10, 23:23:41.713, 2007578671480, vstest.console.dll, AssemblyResolver.OnResolve: Microsoft.Bcl.AsyncInterfaces: Assembly path does not exist: 'C:\Program Files\dotnet\sdk\6.0.100-rc.2.21505.57\Microsoft.Bcl.AsyncInterfaces.exe', returning.
TpTrace Information: 0 : 72660, 1, 2022/05/10, 23:23:41.713, 2007578671672, vstest.console.dll, AssemblyResolver.OnResolve: Microsoft.Bcl.AsyncInterfaces: Failed to load assembly.
TpTrace Verbose: 0 : 72660, 1, 2022/05/10, 23:23:41.713, 2007578671948, vstest.console.dll, CurrentDomainAssemblyResolve: Resolving assembly 'Microsoft.Bcl.AsyncInterfaces'.
TpTrace Information: 0 : 72660, 1, 2022/05/10, 23:23:41.713, 2007578672407, vstest.console.dll, AssemblyResolver.OnResolve: Microsoft.Bcl.AsyncInterfaces: Resolving assembly.
TpTrace Information: 0 : 72660, 1, 2022/05/10, 23:23:41.713, 2007578672673, vstest.console.dll, AssemblyResolver.OnResolve: Microsoft.Bcl.AsyncInterfaces: Resolved from cache.
TpTrace Verbose: 0 : 72660, 1, 2022/05/10, 23:23:41.713, 2007578672894, vstest.console.dll, CurrentDomainAssemblyResolve: Resolving assembly 'Microsoft.Bcl.AsyncInterfaces'.
TpTrace Verbose: 0 : 72660, 1, 2022/05/10, 23:23:41.713, 2007578673145, vstest.console.dll, CurrentDomainAssemblyResolve: Failed to resolve assembly 'Microsoft.Bcl.AsyncInterfaces'.
TpTrace Verbose: 0 : 72660, 1, 2022/05/10, 23:23:41.713, 2007578677375, vstest.console.dll, CurrentDomainAssemblyResolve: Failed to resolve assembly 'Microsoft.Bcl.AsyncInterfaces'.
TpTrace Warning: 0 : 72660, 1, 2022/05/10, 23:23:41.729, 2007578838157, vstest.console.dll, TestPluginDiscoverer: Failed to get types from assembly 'Microsoft.Diagnostics.NETCore.Client, Version=0.2.4.21401, Culture=neutral, PublicKeyToken=31bf3856ad364e35'.  Skipping test extension scan for this assembly.  Error: System.Reflection.ReflectionTypeLoadException: Unable to load one or more of the requested types.
Could not load file or assembly 'Microsoft.Bcl.AsyncInterfaces, Version=1.0.0.0, Culture=neutral, PublicKeyToken=cc7b13ffcd2ddd51'. El sistema no puede encontrar el archivo especificado.
   at System.Reflection.RuntimeModule.GetTypes(RuntimeModule module)
   at System.Reflection.Assembly.GetTypes()
   at Microsoft.VisualStudio.TestPlatform.Common.ExtensionFramework.TestPluginDiscoverer.GetTestExtensionsFromAssembly[TPluginInfo,TExtension](Assembly assembly, Dictionary`2 pluginInfos)
System.IO.FileNotFoundException: Could not load file or assembly 'Microsoft.Bcl.AsyncInterfaces, Version=1.0.0.0, Culture=neutral, PublicKeyToken=cc7b13ffcd2ddd51'. El sistema no puede encontrar el archivo especificado.
File name: 'Microsoft.Bcl.AsyncInterfaces, Version=1.0.0.0, Culture=neutral, PublicKeyToken=cc7b13ffcd2ddd51'
 ---> System.IO.FileNotFoundException: Could not load file or assembly 'Microsoft.Bcl.AsyncInterfaces, Culture=neutral, PublicKeyToken=null'. El sistema no puede encontrar el archivo especificado.
File name: 'Microsoft.Bcl.AsyncInterfaces, Culture=neutral, PublicKeyToken=null'
   at System.Reflection.RuntimeAssembly.InternalLoad(ObjectHandleOnStack assemblyName, ObjectHandleOnStack requestingAssembly, StackCrawlMarkHandle stackMark, Boolean throwOnFileNotFound, ObjectHandleOnStack assemblyLoadContext, ObjectHandleOnStack retAssembly)
   at System.Reflection.RuntimeAssembly.InternalLoad(AssemblyName assemblyName, RuntimeAssembly requestingAssembly, StackCrawlMark& stackMark, Boolean throwOnFileNotFound, AssemblyLoadContext assemblyLoadContext)
   at System.Reflection.Assembly.Load(AssemblyName assemblyRef)
   at Microsoft.VisualStudio.TestPlatform.Common.ExtensionFramework.TestPluginCache.CurrentDomainAssemblyResolve(Object sender, AssemblyResolveEventArgs args)
   at Microsoft.VisualStudio.TestPlatform.PlatformAbstractions.PlatformAssemblyResolver.AssemblyResolverEvent(Object sender, Object eventArgs)
   at System.Runtime.Loader.AssemblyLoadContext.GetFirstResolvedAssemblyFromResolvingEvent(AssemblyName assemblyName)
   at System.Runtime.Loader.AssemblyLoadContext.ResolveUsingEvent(AssemblyName assemblyName)
   at System.Runtime.Loader.AssemblyLoadContext.ResolveUsingResolvingEvent(IntPtr gchManagedAssemblyLoadContext, AssemblyName assemblyName)
TpTrace Warning: 0 : 72660, 1, 2022/05/10, 23:23:41.729, 2007578839869, vstest.console.dll, LoaderExceptions: System.IO.FileNotFoundException: Could not load file or assembly 'Microsoft.Bcl.AsyncInterfaces, Version=1.0.0.0, Culture=neutral, PublicKeyToken=cc7b13ffcd2ddd51'. El sistema no puede encontrar el archivo especificado.
File name: 'Microsoft.Bcl.AsyncInterfaces, Version=1.0.0.0, Culture=neutral, PublicKeyToken=cc7b13ffcd2ddd51'
 ---> System.IO.FileNotFoundException: Could not load file or assembly 'Microsoft.Bcl.AsyncInterfaces, Culture=neutral, PublicKeyToken=null'. El sistema no puede encontrar el archivo especificado.
File name: 'Microsoft.Bcl.AsyncInterfaces, Culture=neutral, PublicKeyToken=null'
   at System.Reflection.RuntimeAssembly.InternalLoad(ObjectHandleOnStack assemblyName, ObjectHandleOnStack requestingAssembly, StackCrawlMarkHandle stackMark, Boolean throwOnFileNotFound, ObjectHandleOnStack assemblyLoadContext, ObjectHandleOnStack retAssembly)
   at System.Reflection.RuntimeAssembly.InternalLoad(AssemblyName assemblyName, RuntimeAssembly requestingAssembly, StackCrawlMark& stackMark, Boolean throwOnFileNotFound, AssemblyLoadContext assemblyLoadContext)
   at System.Reflection.Assembly.Load(AssemblyName assemblyRef)
   at Microsoft.VisualStudio.TestPlatform.Common.ExtensionFramework.TestPluginCache.CurrentDomainAssemblyResolve(Object sender, AssemblyResolveEventArgs args)
   at Microsoft.VisualStudio.TestPlatform.PlatformAbstractions.PlatformAssemblyResolver.AssemblyResolverEvent(Object sender, Object eventArgs)
   at System.Runtime.Loader.AssemblyLoadContext.GetFirstResolvedAssemblyFromResolvingEvent(AssemblyName assemblyName)
   at System.Runtime.Loader.AssemblyLoadContext.ResolveUsingEvent(AssemblyName assemblyName)
   at System.Runtime.Loader.AssemblyLoadContext.ResolveUsingResolvingEvent(IntPtr gchManagedAssemblyLoadContext, AssemblyName assemblyName)
TpTrace Information: 0 : 72660, 1, 2022/05/10, 23:23:41.730, 2007578840742, vstest.console.dll, AssemblyResolver.OnResolve: Microsoft.TestPlatform.Extensions.BlameDataCollector: Resolving assembly.
TpTrace Information: 0 : 72660, 1, 2022/05/10, 23:23:41.730, 2007578840993, vstest.console.dll, AssemblyResolver.OnResolve: Microsoft.TestPlatform.Extensions.BlameDataCollector: Searching in: 'C:\Program Files\dotnet\sdk\6.0.100-rc.2.21505.57\Extensions'.
TpTrace Information: 0 : 72660, 1, 2022/05/10, 23:23:41.730, 2007578843659, vstest.console.dll, AssemblyResolver.OnResolve: Microsoft.TestPlatform.Extensions.BlameDataCollector: Loading assembly 'C:\Program Files\dotnet\sdk\6.0.100-rc.2.21505.57\Extensions\Microsoft.TestPlatform.Extensions.BlameDataCollector.dll'.
TpTrace Information: 0 : 72660, 1, 2022/05/10, 23:23:41.732, 2007578863962, vstest.console.dll, AssemblyResolver.OnResolve: Resolved assembly: Microsoft.TestPlatform.Extensions.BlameDataCollector, from path: C:\Program Files\dotnet\sdk\6.0.100-rc.2.21505.57\Extensions\Microsoft.TestPlatform.Extensions.BlameDataCollector.dll
TpTrace Information: 0 : 72660, 1, 2022/05/10, 23:23:41.732, 2007578869834, vstest.console.dll, AssemblyResolver.OnResolve: Microsoft.TestPlatform.Extensions.EventLogCollector: Resolving assembly.
TpTrace Information: 0 : 72660, 1, 2022/05/10, 23:23:41.733, 2007578870339, vstest.console.dll, AssemblyResolver.OnResolve: Microsoft.TestPlatform.Extensions.EventLogCollector: Searching in: 'C:\Program Files\dotnet\sdk\6.0.100-rc.2.21505.57\Extensions'.
TpTrace Information: 0 : 72660, 1, 2022/05/10, 23:23:41.733, 2007578873735, vstest.console.dll, AssemblyResolver.OnResolve: Microsoft.TestPlatform.Extensions.EventLogCollector: Loading assembly 'C:\Program Files\dotnet\sdk\6.0.100-rc.2.21505.57\Extensions\Microsoft.TestPlatform.Extensions.EventLogCollector.dll'.
TpTrace Information: 0 : 72660, 1, 2022/05/10, 23:23:41.735, 2007578894729, vstest.console.dll, AssemblyResolver.OnResolve: Resolved assembly: Microsoft.TestPlatform.Extensions.EventLogCollector, from path: C:\Program Files\dotnet\sdk\6.0.100-rc.2.21505.57\Extensions\Microsoft.TestPlatform.Extensions.EventLogCollector.dll
TpTrace Information: 0 : 72660, 1, 2022/05/10, 23:23:41.738, 2007578928727, vstest.console.dll, AssemblyResolver.OnResolve: Microsoft.TestPlatform.TestHostRuntimeProvider: Resolving assembly.
TpTrace Information: 0 : 72660, 1, 2022/05/10, 23:23:41.738, 2007578929542, vstest.console.dll, AssemblyResolver.OnResolve: Microsoft.TestPlatform.TestHostRuntimeProvider: Searching in: 'C:\Program Files\dotnet\sdk\6.0.100-rc.2.21505.57\Extensions'.
TpTrace Information: 0 : 72660, 1, 2022/05/10, 23:23:41.739, 2007578932178, vstest.console.dll, AssemblyResolver.OnResolve: Microsoft.TestPlatform.TestHostRuntimeProvider: Loading assembly 'C:\Program Files\dotnet\sdk\6.0.100-rc.2.21505.57\Extensions\Microsoft.TestPlatform.TestHostRuntimeProvider.dll'.
TpTrace Information: 0 : 72660, 1, 2022/05/10, 23:23:41.741, 2007578951833, vstest.console.dll, AssemblyResolver.OnResolve: Resolved assembly: Microsoft.TestPlatform.TestHostRuntimeProvider, from path: C:\Program Files\dotnet\sdk\6.0.100-rc.2.21505.57\Extensions\Microsoft.TestPlatform.TestHostRuntimeProvider.dll
TpTrace Information: 0 : 72660, 1, 2022/05/10, 23:23:41.742, 2007578961449, vstest.console.dll, AssemblyResolver.OnResolve: Microsoft.VisualStudio.TestPlatform.Extensions.Html.TestLogger: Resolving assembly.
TpTrace Information: 0 : 72660, 1, 2022/05/10, 23:23:41.742, 2007578961977, vstest.console.dll, AssemblyResolver.OnResolve: Microsoft.VisualStudio.TestPlatform.Extensions.Html.TestLogger: Searching in: 'C:\Program Files\dotnet\sdk\6.0.100-rc.2.21505.57\Extensions'.
TpTrace Information: 0 : 72660, 1, 2022/05/10, 23:23:41.742, 2007578964908, vstest.console.dll, AssemblyResolver.OnResolve: Microsoft.VisualStudio.TestPlatform.Extensions.Html.TestLogger: Loading assembly 'C:\Program Files\dotnet\sdk\6.0.100-rc.2.21505.57\Extensions\Microsoft.VisualStudio.TestPlatform.Extensions.Html.TestLogger.dll'.
TpTrace Information: 0 : 72660, 1, 2022/05/10, 23:23:41.744, 2007578983886, vstest.console.dll, AssemblyResolver.OnResolve: Resolved assembly: Microsoft.VisualStudio.TestPlatform.Extensions.Html.TestLogger, from path: C:\Program Files\dotnet\sdk\6.0.100-rc.2.21505.57\Extensions\Microsoft.VisualStudio.TestPlatform.Extensions.Html.TestLogger.dll
TpTrace Information: 0 : 72660, 1, 2022/05/10, 23:23:41.744, 2007578987446, vstest.console.dll, AssemblyResolver.OnResolve: Microsoft.VisualStudio.TestPlatform.Extensions.Trx.TestLogger: Resolving assembly.
TpTrace Information: 0 : 72660, 1, 2022/05/10, 23:23:41.744, 2007578987805, vstest.console.dll, AssemblyResolver.OnResolve: Microsoft.VisualStudio.TestPlatform.Extensions.Trx.TestLogger: Searching in: 'C:\Program Files\dotnet\sdk\6.0.100-rc.2.21505.57\Extensions'.
TpTrace Information: 0 : 72660, 1, 2022/05/10, 23:23:41.745, 2007578990443, vstest.console.dll, AssemblyResolver.OnResolve: Microsoft.VisualStudio.TestPlatform.Extensions.Trx.TestLogger: Loading assembly 'C:\Program Files\dotnet\sdk\6.0.100-rc.2.21505.57\Extensions\Microsoft.VisualStudio.TestPlatform.Extensions.Trx.TestLogger.dll'.
TpTrace Information: 0 : 72660, 1, 2022/05/10, 23:23:41.747, 2007579010295, vstest.console.dll, AssemblyResolver.OnResolve: Resolved assembly: Microsoft.VisualStudio.TestPlatform.Extensions.Trx.TestLogger, from path: C:\Program Files\dotnet\sdk\6.0.100-rc.2.21505.57\Extensions\Microsoft.VisualStudio.TestPlatform.Extensions.Trx.TestLogger.dll
TpTrace Verbose: 0 : 72660, 1, 2022/05/10, 23:23:41.747, 2007579015218, vstest.console.dll, TestPluginCache: Discovered the extensions using extension path ''.
TpTrace Verbose: 0 : 72660, 1, 2022/05/10, 23:23:41.747, 2007579015701, vstest.console.dll, TestPluginCache: Discoverers are ''.
TpTrace Verbose: 0 : 72660, 1, 2022/05/10, 23:23:41.747, 2007579015899, vstest.console.dll, TestPluginCache: Executors are ''.
TpTrace Verbose: 0 : 72660, 1, 2022/05/10, 23:23:41.747, 2007579016054, vstest.console.dll, TestPluginCache: Executors2 are ''.
TpTrace Verbose: 0 : 72660, 1, 2022/05/10, 23:23:41.747, 2007579016202, vstest.console.dll, TestPluginCache: Setting providers are ''.
TpTrace Verbose: 0 : 72660, 1, 2022/05/10, 23:23:41.747, 2007579016349, vstest.console.dll, TestPluginCache: Loggers are ''.
TpTrace Information: 0 : 72660, 1, 2022/05/10, 23:23:41.752, 2007579068831, vstest.console.dll, RunTestsArgumentProcessor:Execute: Test run is starting.
TpTrace Verbose: 0 : 72660, 1, 2022/05/10, 23:23:41.752, 2007579069973, vstest.console.dll, RunTestsArgumentProcessor:Execute: Queuing Test run.
TpTrace Information: 0 : 72660, 1, 2022/05/10, 23:23:41.753, 2007579071501, vstest.console.dll, TestRequestManager.RunTests: run tests started.
TpTrace Information: 0 : 72660, 1, 2022/05/10, 23:23:41.761, 2007579152129, vstest.console.dll, AssemblyMetadataProvider.GetFrameWork: Determined framework:'.NETCoreApp,Version=v6.0' for source: 'C:\Source\CoterieApp\CoterieApp.Test\bin\Debug\net6.0\fine-code-coverage\build-output\CoterieApp.Test.dll'
TpTrace Information: 0 : 72660, 1, 2022/05/10, 23:23:41.761, 2007579153999, vstest.console.dll, Determined framework for all sources: .NETCoreApp,Version=v6.0
TpTrace Information: 0 : 72660, 1, 2022/05/10, 23:23:41.761, 2007579158687, vstest.console.dll, AssemblyMetadataProvider.GetArchitecture: Determined architecture:AnyCPU info for assembly: C:\Source\CoterieApp\CoterieApp.Test\bin\Debug\net6.0\fine-code-coverage\build-output\CoterieApp.Test.dll
TpTrace Information: 0 : 72660, 1, 2022/05/10, 23:23:41.763, 2007579171979, vstest.console.dll, Determined platform for all sources: X64
TpTrace Information: 0 : 72660, 1, 2022/05/10, 23:23:41.764, 2007579189713, vstest.console.dll, Compatible sources list : 
TpTrace Information: 0 : 72660, 1, 2022/05/10, 23:23:41.765, 2007579190496, vstest.console.dll, C:\Source\CoterieApp\CoterieApp.Test\bin\Debug\net6.0\fine-code-coverage\build-output\CoterieApp.Test.dll
TpTrace Information: 0 : 72660, 1, 2022/05/10, 23:23:41.766, 2007579209312, vstest.console.dll, InferRunSettingsHelper.IsTestSettingsEnabled: Unable to navigate to RunSettings/MSTest. Current node: RunSettings
TpTrace Information: 0 : 72660, 1, 2022/05/10, 23:23:41.767, 2007579215968, vstest.console.dll, AssemblyResolver.OnResolve: Microsoft.VisualStudio.TestPlatform.Fakes: Resolving assembly.
TpTrace Information: 0 : 72660, 1, 2022/05/10, 23:23:41.767, 2007579216936, vstest.console.dll, AssemblyResolver.OnResolve: Microsoft.VisualStudio.TestPlatform.Fakes: Searching in: 'C:\Program Files\dotnet\sdk\6.0.100-rc.2.21505.57\Extensions'.
TpTrace Information: 0 : 72660, 1, 2022/05/10, 23:23:41.767, 2007579217997, vstest.console.dll, AssemblyResolver.OnResolve: Microsoft.VisualStudio.TestPlatform.Fakes: Assembly path does not exist: 'C:\Program Files\dotnet\sdk\6.0.100-rc.2.21505.57\Extensions\Microsoft.VisualStudio.TestPlatform.Fakes.dll', returning.
TpTrace Information: 0 : 72660, 1, 2022/05/10, 23:23:41.767, 2007579218497, vstest.console.dll, AssemblyResolver.OnResolve: Microsoft.VisualStudio.TestPlatform.Fakes: Assembly path does not exist: 'C:\Program Files\dotnet\sdk\6.0.100-rc.2.21505.57\Extensions\Microsoft.VisualStudio.TestPlatform.Fakes.exe', returning.
TpTrace Information: 0 : 72660, 1, 2022/05/10, 23:23:41.767, 2007579218704, vstest.console.dll, AssemblyResolver.OnResolve: Microsoft.VisualStudio.TestPlatform.Fakes: Searching in: 'C:\Program Files\dotnet\sdk\6.0.100-rc.2.21505.57'.
TpTrace Information: 0 : 72660, 1, 2022/05/10, 23:23:41.767, 2007579219229, vstest.console.dll, AssemblyResolver.OnResolve: Microsoft.VisualStudio.TestPlatform.Fakes: Assembly path does not exist: 'C:\Program Files\dotnet\sdk\6.0.100-rc.2.21505.57\Microsoft.VisualStudio.TestPlatform.Fakes.dll', returning.
TpTrace Information: 0 : 72660, 1, 2022/05/10, 23:23:41.767, 2007579219672, vstest.console.dll, AssemblyResolver.OnResolve: Microsoft.VisualStudio.TestPlatform.Fakes: Assembly path does not exist: 'C:\Program Files\dotnet\sdk\6.0.100-rc.2.21505.57\Microsoft.VisualStudio.TestPlatform.Fakes.exe', returning.
TpTrace Information: 0 : 72660, 1, 2022/05/10, 23:23:41.767, 2007579219893, vstest.console.dll, AssemblyResolver.OnResolve: Microsoft.VisualStudio.TestPlatform.Fakes: Failed to load assembly.
TpTrace Information: 0 : 72660, 1, 2022/05/10, 23:23:41.768, 2007579222122, vstest.console.dll, Failed to load assembly Microsoft.VisualStudio.TestPlatform.Fakes, Version=17.0.0.0, Culture=neutral. Reason:System.IO.FileNotFoundException: Could not load file or assembly 'Microsoft.VisualStudio.TestPlatform.Fakes, Version=17.0.0.0, Culture=neutral, PublicKeyToken=null'. El sistema no puede encontrar el archivo especificado.
File name: 'Microsoft.VisualStudio.TestPlatform.Fakes, Version=17.0.0.0, Culture=neutral, PublicKeyToken=null'
   at System.Reflection.RuntimeAssembly.InternalLoad(ObjectHandleOnStack assemblyName, ObjectHandleOnStack requestingAssembly, StackCrawlMarkHandle stackMark, Boolean throwOnFileNotFound, ObjectHandleOnStack assemblyLoadContext, ObjectHandleOnStack retAssembly)
   at System.Reflection.RuntimeAssembly.InternalLoad(AssemblyName assemblyName, RuntimeAssembly requestingAssembly, StackCrawlMark& stackMark, Boolean throwOnFileNotFound, AssemblyLoadContext assemblyLoadContext)
   at System.Reflection.Assembly.Load(AssemblyName assemblyRef)
   at Microsoft.VisualStudio.TestPlatform.Common.Utilities.FakesUtilities.LoadTestPlatformAssembly()
TpTrace Verbose: 0 : 72660, 1, 2022/05/10, 23:23:41.771, 2007579251447, vstest.console.dll, TestPluginCache.DiscoverTestExtensions: finding test extensions in assemblies ends with: TestLogger.dll TPluginInfo: Microsoft.VisualStudio.TestPlatform.Common.ExtensionFramework.Utilities.TestLoggerPluginInformation TExtension: Microsoft.VisualStudio.TestPlatform.ObjectModel.Client.ITestLogger
TpTrace Verbose: 0 : 72660, 1, 2022/05/10, 23:23:41.771, 2007579252402, vstest.console.dll, TestPluginCache.GetExtensionPaths: Filtered extension paths: 
TpTrace Verbose: 0 : 72660, 1, 2022/05/10, 23:23:41.771, 2007579252608, vstest.console.dll, TestPluginCache.GetExtensionPaths: Added default extension paths: C:\Program Files\dotnet\sdk\6.0.100-rc.2.21505.57\Extensions\Microsoft.Diagnostics.NETCore.Client.dll
C:\Program Files\dotnet\sdk\6.0.100-rc.2.21505.57\Extensions\Microsoft.TestPlatform.Extensions.BlameDataCollector.dll
C:\Program Files\dotnet\sdk\6.0.100-rc.2.21505.57\Extensions\Microsoft.TestPlatform.Extensions.EventLogCollector.dll
C:\Program Files\dotnet\sdk\6.0.100-rc.2.21505.57\Extensions\Microsoft.TestPlatform.TestHostRuntimeProvider.dll
C:\Program Files\dotnet\sdk\6.0.100-rc.2.21505.57\Extensions\Microsoft.VisualStudio.TestPlatform.Extensions.Html.TestLogger.dll
C:\Program Files\dotnet\sdk\6.0.100-rc.2.21505.57\Extensions\Microsoft.VisualStudio.TestPlatform.Extensions.Trx.TestLogger.dll
TpTrace Verbose: 0 : 72660, 1, 2022/05/10, 23:23:41.771, 2007579252817, vstest.console.dll, TestPluginCache.GetExtensionPaths: Added unfilterableExtensionPaths: 
TpTrace Information: 0 : 72660, 1, 2022/05/10, 23:23:41.771, 2007579254166, vstest.console.dll, AssemblyResolver.AddSearchDirectories: Adding more searchDirectories C:\Program Files\dotnet\sdk\6.0.100-rc.2.21505.57\Extensions,C:\Program Files\dotnet\sdk\6.0.100-rc.2.21505.57
TpTrace Verbose: 0 : 72660, 1, 2022/05/10, 23:23:41.771, 2007579254538, vstest.console.dll, TestPluginCache.DiscoverTestExtensions: Discovering the extensions using extension path.
TpTrace Verbose: 0 : 72660, 1, 2022/05/10, 23:23:41.771, 2007579254770, vstest.console.dll, TestPluginCache.GetExtensionPaths: Filtered extension paths: 
TpTrace Verbose: 0 : 72660, 1, 2022/05/10, 23:23:41.771, 2007579254944, vstest.console.dll, TestPluginCache.GetExtensionPaths: Added default extension paths: C:\Program Files\dotnet\sdk\6.0.100-rc.2.21505.57\Extensions\Microsoft.Diagnostics.NETCore.Client.dll
C:\Program Files\dotnet\sdk\6.0.100-rc.2.21505.57\Extensions\Microsoft.TestPlatform.Extensions.BlameDataCollector.dll
C:\Program Files\dotnet\sdk\6.0.100-rc.2.21505.57\Extensions\Microsoft.TestPlatform.Extensions.EventLogCollector.dll
C:\Program Files\dotnet\sdk\6.0.100-rc.2.21505.57\Extensions\Microsoft.TestPlatform.TestHostRuntimeProvider.dll
C:\Program Files\dotnet\sdk\6.0.100-rc.2.21505.57\Extensions\Microsoft.VisualStudio.TestPlatform.Extensions.Html.TestLogger.dll
C:\Program Files\dotnet\sdk\6.0.100-rc.2.21505.57\Extensions\Microsoft.VisualStudio.TestPlatform.Extensions.Trx.TestLogger.dll
TpTrace Verbose: 0 : 72660, 1, 2022/05/10, 23:23:41.771, 2007579255211, vstest.console.dll, TestPluginCache.GetExtensionPaths: Added unfilterableExtensionPaths: 
TpTrace Verbose: 0 : 72660, 1, 2022/05/10, 23:23:41.771, 2007579255413, vstest.console.dll, TestPluginCache.DiscoverTestExtensions: Discovering the extensions using allExtensionPaths: C:\Program Files\dotnet\sdk\6.0.100-rc.2.21505.57\Extensions\Microsoft.Diagnostics.NETCore.Client.dll
C:\Program Files\dotnet\sdk\6.0.100-rc.2.21505.57\Extensions\Microsoft.TestPlatform.Extensions.BlameDataCollector.dll
C:\Program Files\dotnet\sdk\6.0.100-rc.2.21505.57\Extensions\Microsoft.TestPlatform.Extensions.EventLogCollector.dll
C:\Program Files\dotnet\sdk\6.0.100-rc.2.21505.57\Extensions\Microsoft.TestPlatform.TestHostRuntimeProvider.dll
C:\Program Files\dotnet\sdk\6.0.100-rc.2.21505.57\Extensions\Microsoft.VisualStudio.TestPlatform.Extensions.Html.TestLogger.dll
C:\Program Files\dotnet\sdk\6.0.100-rc.2.21505.57\Extensions\Microsoft.VisualStudio.TestPlatform.Extensions.Trx.TestLogger.dll
TpTrace Information: 0 : 72660, 1, 2022/05/10, 23:23:41.771, 2007579255732, vstest.console.dll, AssemblyResolver.AddSearchDirectories: Adding more searchDirectories C:\Program Files\dotnet\sdk\6.0.100-rc.2.21505.57\Extensions,C:\Program Files\dotnet\sdk\6.0.100-rc.2.21505.57
TpTrace Information: 0 : 72660, 1, 2022/05/10, 23:23:41.771, 2007579255958, vstest.console.dll, AssemblyResolver.AddSearchDirectories: Adding more searchDirectories C:\Program Files\dotnet\sdk\6.0.100-rc.2.21505.57\Extensions,C:\Program Files\dotnet\sdk\6.0.100-rc.2.21505.57
TpTrace Information: 0 : 72660, 1, 2022/05/10, 23:23:41.771, 2007579256174, vstest.console.dll, AssemblyResolver.AddSearchDirectories: Adding more searchDirectories C:\Program Files\dotnet\sdk\6.0.100-rc.2.21505.57\Extensions,C:\Program Files\dotnet\sdk\6.0.100-rc.2.21505.57
TpTrace Information: 0 : 72660, 1, 2022/05/10, 23:23:41.771, 2007579256349, vstest.console.dll, AssemblyResolver.AddSearchDirectories: Adding more searchDirectories C:\Program Files\dotnet\sdk\6.0.100-rc.2.21505.57\Extensions,C:\Program Files\dotnet\sdk\6.0.100-rc.2.21505.57
TpTrace Information: 0 : 72660, 1, 2022/05/10, 23:23:41.771, 2007579256521, vstest.console.dll, AssemblyResolver.AddSearchDirectories: Adding more searchDirectories C:\Program Files\dotnet\sdk\6.0.100-rc.2.21505.57\Extensions,C:\Program Files\dotnet\sdk\6.0.100-rc.2.21505.57
TpTrace Information: 0 : 72660, 1, 2022/05/10, 23:23:41.771, 2007579256715, vstest.console.dll, AssemblyResolver.AddSearchDirectories: Adding more searchDirectories C:\Program Files\dotnet\sdk\6.0.100-rc.2.21505.57\Extensions,C:\Program Files\dotnet\sdk\6.0.100-rc.2.21505.57
TpTrace Information: 0 : 72660, 1, 2022/05/10, 23:23:41.771, 2007579258561, vstest.console.dll, AssemblyResolver.OnResolve: Microsoft.Bcl.AsyncInterfaces: Resolving assembly.
TpTrace Information: 0 : 72660, 1, 2022/05/10, 23:23:41.771, 2007579258859, vstest.console.dll, AssemblyResolver.OnResolve: Microsoft.Bcl.AsyncInterfaces: Resolved from cache.
TpTrace Verbose: 0 : 72660, 1, 2022/05/10, 23:23:41.771, 2007579259112, vstest.console.dll, CurrentDomainAssemblyResolve: Resolving assembly 'Microsoft.Bcl.AsyncInterfaces'.
TpTrace Information: 0 : 72660, 1, 2022/05/10, 23:23:41.771, 2007579259375, vstest.console.dll, AssemblyResolver.OnResolve: Microsoft.Bcl.AsyncInterfaces: Resolving assembly.
TpTrace Information: 0 : 72660, 1, 2022/05/10, 23:23:41.771, 2007579260030, vstest.console.dll, AssemblyResolver.OnResolve: Microsoft.Bcl.AsyncInterfaces: Resolved from cache.
TpTrace Verbose: 0 : 72660, 1, 2022/05/10, 23:23:41.772, 2007579260250, vstest.console.dll, CurrentDomainAssemblyResolve: Resolving assembly 'Microsoft.Bcl.AsyncInterfaces'.
TpTrace Verbose: 0 : 72660, 1, 2022/05/10, 23:23:41.772, 2007579260414, vstest.console.dll, CurrentDomainAssemblyResolve: Failed to resolve assembly 'Microsoft.Bcl.AsyncInterfaces'.
TpTrace Verbose: 0 : 72660, 1, 2022/05/10, 23:23:41.772, 2007579261635, vstest.console.dll, CurrentDomainAssemblyResolve: Failed to resolve assembly 'Microsoft.Bcl.AsyncInterfaces'.
TpTrace Warning: 0 : 72660, 1, 2022/05/10, 23:23:41.772, 2007579264192, vstest.console.dll, TestPluginDiscoverer: Failed to get types from assembly 'Microsoft.Diagnostics.NETCore.Client, Version=0.2.4.21401, Culture=neutral, PublicKeyToken=31bf3856ad364e35'.  Skipping test extension scan for this assembly.  Error: System.Reflection.ReflectionTypeLoadException: Unable to load one or more of the requested types.
Could not load file or assembly 'Microsoft.Bcl.AsyncInterfaces, Version=1.0.0.0, Culture=neutral, PublicKeyToken=cc7b13ffcd2ddd51'. El sistema no puede encontrar el archivo especificado.
   at System.Reflection.RuntimeModule.GetTypes(RuntimeModule module)
   at System.Reflection.Assembly.GetTypes()
   at Microsoft.VisualStudio.TestPlatform.Common.ExtensionFramework.TestPluginDiscoverer.GetTestExtensionsFromAssembly[TPluginInfo,TExtension](Assembly assembly, Dictionary`2 pluginInfos)
System.IO.FileNotFoundException: Could not load file or assembly 'Microsoft.Bcl.AsyncInterfaces, Version=1.0.0.0, Culture=neutral, PublicKeyToken=cc7b13ffcd2ddd51'. El sistema no puede encontrar el archivo especificado.
File name: 'Microsoft.Bcl.AsyncInterfaces, Version=1.0.0.0, Culture=neutral, PublicKeyToken=cc7b13ffcd2ddd51'
 ---> System.IO.FileNotFoundException: Could not load file or assembly 'Microsoft.Bcl.AsyncInterfaces, Culture=neutral, PublicKeyToken=null'. El sistema no puede encontrar el archivo especificado.
File name: 'Microsoft.Bcl.AsyncInterfaces, Culture=neutral, PublicKeyToken=null'
   at System.Reflection.RuntimeAssembly.InternalLoad(ObjectHandleOnStack assemblyName, ObjectHandleOnStack requestingAssembly, StackCrawlMarkHandle stackMark, Boolean throwOnFileNotFound, ObjectHandleOnStack assemblyLoadContext, ObjectHandleOnStack retAssembly)
   at System.Reflection.RuntimeAssembly.InternalLoad(AssemblyName assemblyName, RuntimeAssembly requestingAssembly, StackCrawlMark& stackMark, Boolean throwOnFileNotFound, AssemblyLoadContext assemblyLoadContext)
   at System.Reflection.Assembly.Load(AssemblyName assemblyRef)
   at Microsoft.VisualStudio.TestPlatform.Common.ExtensionFramework.TestPluginCache.CurrentDomainAssemblyResolve(Object sender, AssemblyResolveEventArgs args)
   at Microsoft.VisualStudio.TestPlatform.PlatformAbstractions.PlatformAssemblyResolver.AssemblyResolverEvent(Object sender, Object eventArgs)
   at System.Runtime.Loader.AssemblyLoadContext.GetFirstResolvedAssemblyFromResolvingEvent(AssemblyName assemblyName)
   at System.Runtime.Loader.AssemblyLoadContext.ResolveUsingEvent(AssemblyName assemblyName)
   at System.Runtime.Loader.AssemblyLoadContext.ResolveUsingResolvingEvent(IntPtr gchManagedAssemblyLoadContext, AssemblyName assemblyName)
TpTrace Warning: 0 : 72660, 1, 2022/05/10, 23:23:41.772, 2007579265170, vstest.console.dll, LoaderExceptions: System.IO.FileNotFoundException: Could not load file or assembly 'Microsoft.Bcl.AsyncInterfaces, Version=1.0.0.0, Culture=neutral, PublicKeyToken=cc7b13ffcd2ddd51'. El sistema no puede encontrar el archivo especificado.
File name: 'Microsoft.Bcl.AsyncInterfaces, Version=1.0.0.0, Culture=neutral, PublicKeyToken=cc7b13ffcd2ddd51'
 ---> System.IO.FileNotFoundException: Could not load file or assembly 'Microsoft.Bcl.AsyncInterfaces, Culture=neutral, PublicKeyToken=null'. El sistema no puede encontrar el archivo especificado.
File name: 'Microsoft.Bcl.AsyncInterfaces, Culture=neutral, PublicKeyToken=null'
   at System.Reflection.RuntimeAssembly.InternalLoad(ObjectHandleOnStack assemblyName, ObjectHandleOnStack requestingAssembly, StackCrawlMarkHandle stackMark, Boolean throwOnFileNotFound, ObjectHandleOnStack assemblyLoadContext, ObjectHandleOnStack retAssembly)
   at System.Reflection.RuntimeAssembly.InternalLoad(AssemblyName assemblyName, RuntimeAssembly requestingAssembly, StackCrawlMark& stackMark, Boolean throwOnFileNotFound, AssemblyLoadContext assemblyLoadContext)
   at System.Reflection.Assembly.Load(AssemblyName assemblyRef)
   at Microsoft.VisualStudio.TestPlatform.Common.ExtensionFramework.TestPluginCache.CurrentDomainAssemblyResolve(Object sender, AssemblyResolveEventArgs args)
   at Microsoft.VisualStudio.TestPlatform.PlatformAbstractions.PlatformAssemblyResolver.AssemblyResolverEvent(Object sender, Object eventArgs)
   at System.Runtime.Loader.AssemblyLoadContext.GetFirstResolvedAssemblyFromResolvingEvent(AssemblyName assemblyName)
   at System.Runtime.Loader.AssemblyLoadContext.ResolveUsingEvent(AssemblyName assemblyName)
   at System.Runtime.Loader.AssemblyLoadContext.ResolveUsingResolvingEvent(IntPtr gchManagedAssemblyLoadContext, AssemblyName assemblyName)
TpTrace Verbose: 0 : 72660, 1, 2022/05/10, 23:23:41.772, 2007579267732, vstest.console.dll, TestPluginCache: Discovered the extensions using extension path ''.
TpTrace Verbose: 0 : 72660, 1, 2022/05/10, 23:23:41.772, 2007579268062, vstest.console.dll, TestPluginCache: Discoverers are ''.
TpTrace Verbose: 0 : 72660, 1, 2022/05/10, 23:23:41.772, 2007579268227, vstest.console.dll, TestPluginCache: Executors are ''.
TpTrace Verbose: 0 : 72660, 1, 2022/05/10, 23:23:41.772, 2007579268399, vstest.console.dll, TestPluginCache: Executors2 are ''.
TpTrace Verbose: 0 : 72660, 1, 2022/05/10, 23:23:41.772, 2007579268546, vstest.console.dll, TestPluginCache: Setting providers are ''.
TpTrace Verbose: 0 : 72660, 1, 2022/05/10, 23:23:41.772, 2007579269028, vstest.console.dll, TestPluginCache: Loggers are 'logger://Microsoft/TestPlatform/Extensions/Blame/v1,logger://Microsoft/TestPlatform/HtmlLogger/v1,logger://Microsoft/TestPlatform/TrxLogger/v1'.
TpTrace Information: 0 : 72660, 1, 2022/05/10, 23:23:41.773, 2007579273831, vstest.console.dll, TestPluginManager.CreateTestExtension: Attempting to load test extension: Microsoft.TestPlatform.Extensions.BlameDataCollector.BlameLogger
TpTrace Information: 0 : 72660, 1, 2022/05/10, 23:23:41.778, 2007579328736, vstest.console.dll, TestPluginManager.CreateTestExtension: Attempting to load test extension: Microsoft.VisualStudio.TestPlatform.CrossPlatEngine.Hosting.DefaultTestHostManager
TpTrace Information: 0 : 72660, 1, 2022/05/10, 23:23:41.779, 2007579331568, vstest.console.dll, TestPluginManager.CreateTestExtension: Attempting to load test extension: Microsoft.VisualStudio.TestPlatform.CrossPlatEngine.Hosting.DotnetTestHostManager
TpTrace Verbose: 0 : 72660, 1, 2022/05/10, 23:23:41.779, 2007579335468, vstest.console.dll, TestEngine: Initializing Parallel Execution as MaxCpuCount is set to: 1
TpTrace Information: 0 : 72660, 1, 2022/05/10, 23:23:41.779, 2007579339514, vstest.console.dll, InferRunSettingsHelper.IsTestSettingsEnabled: Unable to navigate to RunSettings/MSTest. Current node: RunSettings
TpTrace Verbose: 0 : 72660, 1, 2022/05/10, 23:23:41.795, 2007579492028, vstest.console.dll, TestRequestSender is acting as server
TpTrace Verbose: 0 : 72660, 5, 2022/05/10, 23:23:41.799, 2007579531848, vstest.console.dll, DataCollectionRequestSender.InitializeCommunication : Initialize communication. 
TpTrace Information: 0 : 72660, 5, 2022/05/10, 23:23:41.805, 2007579598412, vstest.console.dll, Listening on Endpoint : 127.0.0.1:59638
TpTrace Verbose: 0 : 72660, 5, 2022/05/10, 23:23:41.816, 2007579700731, vstest.console.dll, DotnetDataCollectionLauncher: Full path of dotnet.exe is C:\Program Files\dotnet\dotnet.exe
TpTrace Verbose: 0 : 72660, 5, 2022/05/10, 23:23:41.816, 2007579702715, vstest.console.dll, DotnetDataCollectionLauncher: Adding  --runtimeconfig "C:\Program Files\dotnet\sdk\6.0.100-rc.2.21505.57\datacollector.runtimeconfig.json" in args
TpTrace Verbose: 0 : 72660, 5, 2022/05/10, 23:23:41.816, 2007579703360, vstest.console.dll, DotnetDataCollectionLauncher: Adding  --depsfile "C:\Program Files\dotnet\sdk\6.0.100-rc.2.21505.57\datacollector.deps.json" in args
TpTrace Information: 0 : 72660, 5, 2022/05/10, 23:23:41.826, 2007579807981, vstest.console.dll, ProxyDataCollectionManager.Initialize: Launched datacollector processId: 85228 port: 59638
TpTrace Information: 0 : 72660, 5, 2022/05/10, 23:23:41.826, 2007579809597, vstest.console.dll, ProxyDataCollectionManager.Initialize: waiting for connection with timeout: 90 seconds
TpTrace Verbose: 0 : 72660, 5, 2022/05/10, 23:23:41.826, 2007579809945, vstest.console.dll, DataCollectionRequestSender.WaitForRequestHandlerConnection : Waiting for connection with timeout: 90000
TpTrace Information: 0 : 72660, 8, 2022/05/10, 23:23:41.977, 2007581313286, vstest.console.dll, Using the buffer size of 16384 bytes
TpTrace Verbose: 0 : 72660, 5, 2022/05/10, 23:23:41.977, 2007581314071, vstest.console.dll, ProxyDataCollectionManager.InvokeDataCollectionServiceAction: Starting.
TpTrace Information: 0 : 72660, 8, 2022/05/10, 23:23:41.977, 2007581314511, vstest.console.dll, Accepted Client request and set the flag
TpTrace Information: 0 : 72660, 5, 2022/05/10, 23:23:41.977, 2007581315806, vstest.console.dll, ProxyDataCollectionManager.BeforeTestRunStart: Get environment variable and port for datacollector processId: 85228 port: 59638
TpTrace Verbose: 0 : 72660, 5, 2022/05/10, 23:23:41.977, 2007581316920, vstest.console.dll, DataCollectionRequestSender.SendBeforeTestRunStartAndGetResult : Send BeforeTestRunStart message with settingsXml <RunSettings><RunConfiguration><ResultsDirectory>C:\Source\CoterieApp\CoterieApp.Test\bin\Debug\net6.0\fine-code-coverage\coverage-tool-output</ResultsDirectory><TargetPlatform>X64</TargetPlatform><TargetFrameworkVersion>.NETCoreApp,Version=v6.0</TargetFrameworkVersion><DesignMode>False</DesignMode><CollectSourceInformation>False</CollectSourceInformation><TestAdaptersPaths>C:\Program Files\dotnet\sdk\6.0.100-rc.2.21505.57\Extensions</TestAdaptersPaths></RunConfiguration><LoggerRunSettings><Loggers><Logger friendlyName="blame" enabled="True" /><Logger friendlyName="Console" uri="logger://microsoft/TestPlatform/ConsoleLogger/v1" assemblyQualifiedName="Microsoft.VisualStudio.TestPlatform.CommandLine.Internal.ConsoleLogger, vstest.console, Version=15.0.0.0, Culture=neutral, PublicKeyToken=b03f5f7f11d50a3a" codeBase="C:\Program Files\dotnet\sdk\6.0.100-rc.2.21505.57\vstest.console.dll" enabled="True" /></Loggers></LoggerRunSettings><DataCollectionRunSettings><DataCollectors><DataCollector friendlyName="blame" enabled="True"><Configuration><ResultsDirectory>C:\Source\CoterieApp\CoterieApp.Test\bin\Debug\net6.0\fine-code-coverage\coverage-tool-output</ResultsDirectory></Configuration></DataCollector></DataCollectors></DataCollectionRunSettings></RunSettings> and sources System.Linq.Enumerable+Concat2Iterator`1[System.String]: 
TpTrace Verbose: 0 : 72660, 5, 2022/05/10, 23:23:42.040, 2007581949197, vstest.console.dll, DataCollectionRequestSender.SendBeforeTestRunStartAndGetResult : Received message: (DataCollection.SendMessage) -> {
  "FriendlyName": null,
  "Uri": null,
  "TestCaseId": "00000000-0000-0000-0000-000000000000",
  "Message": "Logging DataCollector Diagnostics in file: C:\\Source\\CoterieApp\\CoterieApp.Test\\bin\\Debug\\net6.0\\fine-code-coverage\\coverage-tool-output\\diagnostics.datacollector.22-05-10_23-23-41_81291_5.log",
  "Level": 0
}
TpTrace Verbose: 0 : 72660, 5, 2022/05/10, 23:23:42.110, 2007582647169, vstest.console.dll, DataCollectionRequestSender.SendBeforeTestRunStartAndGetResult : Received message: (DataCollection.BeforeTestRunStartResult) -> {
  "EnvironmentVariables": {},
  "DataCollectionEventsPort": 59640
}
TpTrace Information: 0 : 72660, 5, 2022/05/10, 23:23:42.115, 2007582695379, vstest.console.dll, ProxyDataCollectionManager.BeforeTestRunStart: SendBeforeTestRunStartAndGetResult successful, env variable from datacollector:   and testhost port: 59640
TpTrace Information: 0 : 72660, 5, 2022/05/10, 23:23:42.115, 2007582696743, vstest.console.dll, ProxyDataCollectionManager.InvokeDataCollectionServiceAction: Completed.
TpTrace Verbose: 0 : 72660, 1, 2022/05/10, 23:23:42.115, 2007582698408, vstest.console.dll, TestRunRequest.ExecuteAsync: Creating test run request.
TpTrace Verbose: 0 : 72660, 1, 2022/05/10, 23:23:42.116, 2007582701543, vstest.console.dll, TestRunRequest.ExecuteAsync: Starting.
TpTrace Information: 0 : 72660, 1, 2022/05/10, 23:23:42.116, 2007582705050, vstest.console.dll, TestRunRequest.ExecuteAsync: Starting run with settings:TestRunCriteria:
   KeepAlive=False,FrequencyOfRunStatsChangeEvent=10,RunStatsChangeEventTimeout=00:00:01.5000000,TestCaseFilter=,TestExecutorLauncher=
   Settingsxml=<RunSettings>
  <RunConfiguration>
    <ResultsDirectory>C:\Source\CoterieApp\CoterieApp.Test\bin\Debug\net6.0\fine-code-coverage\coverage-tool-output</ResultsDirectory>
    <TargetPlatform>X64</TargetPlatform>
    <TargetFrameworkVersion>.NETCoreApp,Version=v6.0</TargetFrameworkVersion>
    <DesignMode>False</DesignMode>
    <CollectSourceInformation>False</CollectSourceInformation>
  </RunConfiguration>
  <LoggerRunSettings>
    <Loggers>
      <Logger friendlyName="blame" enabled="True" />
      <Logger friendlyName="Console" uri="logger://microsoft/TestPlatform/ConsoleLogger/v1" assemblyQualifiedName="Microsoft.VisualStudio.TestPlatform.CommandLine.Internal.ConsoleLogger, vstest.console, Version=15.0.0.0, Culture=neutral, PublicKeyToken=b03f5f7f11d50a3a" codeBase="C:\Program Files\dotnet\sdk\6.0.100-rc.2.21505.57\vstest.console.dll" enabled="True" />
    </Loggers>
  </LoggerRunSettings>
  <DataCollectionRunSettings>
    <DataCollectors>
      <DataCollector friendlyName="blame" enabled="True">
        <Configuration>
          <ResultsDirectory>C:\Source\CoterieApp\CoterieApp.Test\bin\Debug\net6.0\fine-code-coverage\coverage-tool-output</ResultsDirectory>
        </Configuration>
      </DataCollector>
    </DataCollectors>
  </DataCollectionRunSettings>
</RunSettings>

TpTrace Verbose: 0 : 72660, 1, 2022/05/10, 23:23:42.116, 2007582705444, vstest.console.dll, TestRunRequest.ExecuteAsync: Wait for the first run request is over.
TpTrace Verbose: 0 : 72660, 1, 2022/05/10, 23:23:42.116, 2007582709556, vstest.console.dll, ParallelProxyExecutionManager: Start execution. Total sources: 1
TpTrace Information: 0 : 72660, 1, 2022/05/10, 23:23:42.117, 2007582714805, vstest.console.dll, ProxyParallelExecutionManager: Triggering test run for next source: C:\Source\CoterieApp\CoterieApp.Test\bin\Debug\net6.0\fine-code-coverage\build-output\CoterieApp.Test.dll
TpTrace Verbose: 0 : 72660, 5, 2022/05/10, 23:23:42.117, 2007582716475, vstest.console.dll, ParallelProxyExecutionManager: Execution started. Started clients: 1
TpTrace Verbose: 0 : 72660, 1, 2022/05/10, 23:23:42.117, 2007582716787, vstest.console.dll, ProxyParallelExecutionManager: No sources available for execution.
TpTrace Information: 0 : 72660, 1, 2022/05/10, 23:23:42.117, 2007582717653, vstest.console.dll, TestRunRequest.ExecuteAsync: Started.
TpTrace Verbose: 0 : 72660, 1, 2022/05/10, 23:23:42.117, 2007582718274, vstest.console.dll, TestRunRequest.WaitForCompletion: Waiting with timeout -1.
TpTrace Verbose: 0 : 72660, 5, 2022/05/10, 23:23:42.117, 2007582719404, vstest.console.dll, TestRunRequest:SendTestRunMessage: Starting.
TpTrace Information: 0 : 72660, 5, 2022/05/10, 23:23:42.118, 2007582720424, vstest.console.dll, TestRunRequest:SendTestRunMessage: Completed.
TpTrace Verbose: 0 : 72660, 5, 2022/05/10, 23:23:42.118, 2007582722158, vstest.console.dll, ProxyExecutionManager: Test host is always Lazy initialize.
TpTrace Verbose: 0 : 72660, 5, 2022/05/10, 23:23:42.118, 2007582724020, vstest.console.dll, TestRequestSender.InitializeCommunication: initialize communication. 
TpTrace Information: 0 : 72660, 5, 2022/05/10, 23:23:42.118, 2007582728455, vstest.console.dll, SocketServer.Start: Listening on endpoint : 127.0.0.1:59641
TpTrace Verbose: 0 : 72660, 5, 2022/05/10, 23:23:42.119, 2007582735113, vstest.console.dll, DotnetTestHostmanager: Adding  --runtimeconfig "C:\Source\CoterieApp\CoterieApp.Test\bin\Debug\net6.0\fine-code-coverage\build-output\CoterieApp.Test.runtimeconfig.json" in args
TpTrace Verbose: 0 : 72660, 5, 2022/05/10, 23:23:42.119, 2007582736027, vstest.console.dll, DotnetTestHostmanager: Adding  --depsfile "C:\Source\CoterieApp\CoterieApp.Test\bin\Debug\net6.0\fine-code-coverage\build-output\CoterieApp.Test.deps.json" in args
TpTrace Verbose: 0 : 72660, 5, 2022/05/10, 23:23:42.119, 2007582737662, vstest.console.dll, DotnetTestHostManager: Testhost.exe/testhost.x86.exe found at path: C:\Source\CoterieApp\CoterieApp.Test\bin\Debug\net6.0\fine-code-coverage\build-output\testhost.exe
TpTrace Verbose: 0 : 72660, 5, 2022/05/10, 23:23:42.119, 2007582737986, vstest.console.dll, DotnetTestHostmanager: Full path of host exe is C:\Source\CoterieApp\CoterieApp.Test\bin\Debug\net6.0\fine-code-coverage\build-output\testhost.exe
TpTrace Verbose: 0 : 72660, 7, 2022/05/10, 23:23:42.120, 2007582745623, vstest.console.dll, DotnetTestHostManager: Starting process 'C:\Source\CoterieApp\CoterieApp.Test\bin\Debug\net6.0\fine-code-coverage\build-output\testhost.exe' with command line ' --runtimeconfig "C:\Source\CoterieApp\CoterieApp.Test\bin\Debug\net6.0\fine-code-coverage\build-output\CoterieApp.Test.runtimeconfig.json" --depsfile "C:\Source\CoterieApp\CoterieApp.Test\bin\Debug\net6.0\fine-code-coverage\build-output\CoterieApp.Test.deps.json" --port 59641 --endpoint 127.0.0.1:059641 --role client --parentprocessid 72660 --diag "C:\Source\CoterieApp\CoterieApp.Test\bin\Debug\net6.0\fine-code-coverage\coverage-tool-output\diagnostics.host.22-05-10_23-23-42_11913_5.log" --tracelevel 4 --datacollectionport 59640 --telemetryoptedin false'
TpTrace Verbose: 0 : 72660, 7, 2022/05/10, 23:23:42.125, 2007582799507, vstest.console.dll, Test Runtime launched
TpTrace Verbose: 0 : 72660, 5, 2022/05/10, 23:23:42.126, 2007582805721, vstest.console.dll, TestRequestSender.WaitForRequestHandlerConnection: waiting for connection with timeout: 90000
TpTrace Verbose: 0 : 72660, 7, 2022/05/10, 23:23:42.310, 2007584643588, vstest.console.dll, SocketServer.OnClientConnected: Client connected for endPoint: 127.0.0.1:59641, starting MessageLoopAsync:
TpTrace Verbose: 0 : 72660, 7, 2022/05/10, 23:23:42.310, 2007584647923, vstest.console.dll, TcpClientExtensions.MessageLoopAsync: Polling on remoteEndPoint: 127.0.0.1:59642 localEndPoint: 127.0.0.1:59641
TpTrace Verbose: 0 : 72660, 7, 2022/05/10, 23:23:42.453, 2007586078203, vstest.console.dll, TcpClientExtensions.MessageLoopAsync: NotifyDataAvailable remoteEndPoint: 127.0.0.1:59642 localEndPoint: 127.0.0.1:59641
TpTrace Verbose: 0 : 72660, 7, 2022/05/10, 23:23:42.454, 2007586082435, vstest.console.dll, TestRequestSender.CheckVersionWithTestHost: onMessageReceived received message: (ProtocolVersion) -> 5
TpTrace Verbose: 0 : 72660, 7, 2022/05/10, 23:23:42.454, 2007586087557, vstest.console.dll, TcpClientExtensions.MessageLoopAsync: Polling on remoteEndPoint: 127.0.0.1:59642 localEndPoint: 127.0.0.1:59641
TpTrace Verbose: 0 : 72660, 5, 2022/05/10, 23:23:42.454, 2007586089015, vstest.console.dll, TestPluginCache.GetExtensionPaths: Filtered extension paths: 
TpTrace Verbose: 0 : 72660, 5, 2022/05/10, 23:23:42.454, 2007586090019, vstest.console.dll, TestPluginCache.GetExtensionPaths: Added default extension paths: C:\Program Files\dotnet\sdk\6.0.100-rc.2.21505.57\Extensions\Microsoft.Diagnostics.NETCore.Client.dll
C:\Program Files\dotnet\sdk\6.0.100-rc.2.21505.57\Extensions\Microsoft.TestPlatform.Extensions.BlameDataCollector.dll
C:\Program Files\dotnet\sdk\6.0.100-rc.2.21505.57\Extensions\Microsoft.TestPlatform.Extensions.EventLogCollector.dll
C:\Program Files\dotnet\sdk\6.0.100-rc.2.21505.57\Extensions\Microsoft.TestPlatform.TestHostRuntimeProvider.dll
C:\Program Files\dotnet\sdk\6.0.100-rc.2.21505.57\Extensions\Microsoft.VisualStudio.TestPlatform.Extensions.Html.TestLogger.dll
C:\Program Files\dotnet\sdk\6.0.100-rc.2.21505.57\Extensions\Microsoft.VisualStudio.TestPlatform.Extensions.Trx.TestLogger.dll
TpTrace Verbose: 0 : 72660, 5, 2022/05/10, 23:23:42.455, 2007586090328, vstest.console.dll, TestPluginCache.GetExtensionPaths: Added unfilterableExtensionPaths: 
TpTrace Verbose: 0 : 72660, 5, 2022/05/10, 23:23:42.458, 2007586124644, vstest.console.dll, TestRequestSender.InitializeExecution: Sending initializing execution with message: {"Version":5,"MessageType":"TestExecution.Initialize","Payload":["C:\\Source\\CoterieApp\\CoterieApp.Test\\bin\\Debug\\net6.0\\fine-code-coverage\\build-output\\xunit.runner.visualstudio.dotnetcore.testadapter.dll"]}
TpTrace Verbose: 0 : 72660, 7, 2022/05/10, 23:23:42.462, 2007586167891, vstest.console.dll, TcpClientExtensions.MessageLoopAsync: NotifyDataAvailable remoteEndPoint: 127.0.0.1:59642 localEndPoint: 127.0.0.1:59641
TpTrace Verbose: 0 : 72660, 7, 2022/05/10, 23:23:42.463, 2007586170298, vstest.console.dll, TestRequestSender.OnExecutionMessageReceived: Received message: {"Version":5,"MessageType":"TestSession.Message","Payload":{"MessageLevel":0,"Message":"Logging TestHost Diagnostics in file: C:\\Source\\CoterieApp\\CoterieApp.Test\\bin\\Debug\\net6.0\\fine-code-coverage\\coverage-tool-output\\diagnostics.host.22-05-10_23-23-42_11913_5.log"}}
TpTrace Verbose: 0 : 72660, 7, 2022/05/10, 23:23:42.465, 2007586194780, vstest.console.dll, TestRunRequest:SendTestRunMessage: Starting.
TpTrace Information: 0 : 72660, 7, 2022/05/10, 23:23:42.465, 2007586196484, vstest.console.dll, TestRunRequest:SendTestRunMessage: Completed.
TpTrace Verbose: 0 : 72660, 7, 2022/05/10, 23:23:42.465, 2007586196807, vstest.console.dll, TcpClientExtensions.MessageLoopAsync: Polling on remoteEndPoint: 127.0.0.1:59642 localEndPoint: 127.0.0.1:59641
TpTrace Verbose: 0 : 72660, 5, 2022/05/10, 23:23:42.467, 2007586213695, vstest.console.dll, TestRequestSender.StartTestRun: Sending test run with message: {"Version":5,"MessageType":"TestExecution.StartWithSources","Payload":{"AdapterSourceMap":{"_none_":["C:\\Source\\CoterieApp\\CoterieApp.Test\\bin\\Debug\\net6.0\\fine-code-coverage\\build-output\\CoterieApp.Test.dll"]},"RunSettings":"<RunSettings>\r\n  <RunConfiguration>\r\n    <ResultsDirectory>C:\\Source\\CoterieApp\\CoterieApp.Test\\bin\\Debug\\net6.0\\fine-code-coverage\\coverage-tool-output</ResultsDirectory>\r\n    <TargetPlatform>X64</TargetPlatform>\r\n    <TargetFrameworkVersion>.NETCoreApp,Version=v6.0</TargetFrameworkVersion>\r\n    <DesignMode>False</DesignMode>\r\n    <CollectSourceInformation>False</CollectSourceInformation>\r\n  </RunConfiguration>\r\n  <LoggerRunSettings>\r\n    <Loggers>\r\n      <Logger friendlyName=\"blame\" enabled=\"True\" />\r\n      <Logger friendlyName=\"Console\" uri=\"logger://microsoft/TestPlatform/ConsoleLogger/v1\" assemblyQualifiedName=\"Microsoft.VisualStudio.TestPlatform.CommandLine.Internal.ConsoleLogger, vstest.console, Version=15.0.0.0, Culture=neutral, PublicKeyToken=b03f5f7f11d50a3a\" codeBase=\"C:\\Program Files\\dotnet\\sdk\\6.0.100-rc.2.21505.57\\vstest.console.dll\" enabled=\"True\" />\r\n    </Loggers>\r\n  </LoggerRunSettings>\r\n  <DataCollectionRunSettings>\r\n    <DataCollectors>\r\n      <DataCollector friendlyName=\"blame\" enabled=\"True\">\r\n        <Configuration>\r\n          <ResultsDirectory>C:\\Source\\CoterieApp\\CoterieApp.Test\\bin\\Debug\\net6.0\\fine-code-coverage\\coverage-tool-output</ResultsDirectory>\r\n        </Configuration>\r\n      </DataCollector>\r\n    </DataCollectors>\r\n  </DataCollectionRunSettings>\r\n</RunSettings>","TestExecutionContext":{"FrequencyOfRunStatsChangeEvent":10,"RunStatsChangeEventTimeout":"00:00:01.5000000","InIsolation":false,"KeepAlive":false,"AreTestCaseLevelEventsRequired":false,"IsDebug":false,"TestCaseFilter":null,"FilterOptions":null},"Package":null}}
TpTrace Verbose: 0 : 72660, 7, 2022/05/10, 23:23:42.625, 2007587790275, vstest.console.dll, TcpClientExtensions.MessageLoopAsync: NotifyDataAvailable remoteEndPoint: 127.0.0.1:59642 localEndPoint: 127.0.0.1:59641
TpTrace Verbose: 0 : 72660, 7, 2022/05/10, 23:23:42.625, 2007587791862, vstest.console.dll, TestRequestSender.OnExecutionMessageReceived: Received message: {"Version":5,"MessageType":"TestSession.Message","Payload":{"MessageLevel":0,"Message":"[xUnit.net 00:00:00.00] xUnit.net VSTest Adapter v2.4.3+1b45f5407b (64-bit .NET 6.0.0-rc.2.21480.5)"}}
TpTrace Verbose: 0 : 72660, 7, 2022/05/10, 23:23:42.625, 2007587794233, vstest.console.dll, TestRunRequest:SendTestRunMessage: Starting.
TpTrace Information: 0 : 72660, 7, 2022/05/10, 23:23:42.625, 2007587794734, vstest.console.dll, TestRunRequest:SendTestRunMessage: Completed.
TpTrace Verbose: 0 : 72660, 7, 2022/05/10, 23:23:42.625, 2007587795005, vstest.console.dll, TcpClientExtensions.MessageLoopAsync: Polling on remoteEndPoint: 127.0.0.1:59642 localEndPoint: 127.0.0.1:59641
TpTrace Verbose: 0 : 72660, 7, 2022/05/10, 23:23:43.372, 2007595264184, vstest.console.dll, TcpClientExtensions.MessageLoopAsync: NotifyDataAvailable remoteEndPoint: 127.0.0.1:59642 localEndPoint: 127.0.0.1:59641
TpTrace Verbose: 0 : 72660, 7, 2022/05/10, 23:23:43.372, 2007595265494, vstest.console.dll, TestRequestSender.OnExecutionMessageReceived: Received message: {"Version":5,"MessageType":"TestSession.Message","Payload":{"MessageLevel":0,"Message":"[xUnit.net 00:00:00.75]   Discovering: CoterieApp.Test"}}
TpTrace Verbose: 0 : 72660, 7, 2022/05/10, 23:23:43.372, 2007595268601, vstest.console.dll, TestRunRequest:SendTestRunMessage: Starting.
TpTrace Information: 0 : 72660, 7, 2022/05/10, 23:23:43.372, 2007595269763, vstest.console.dll, TestRunRequest:SendTestRunMessage: Completed.
TpTrace Verbose: 0 : 72660, 7, 2022/05/10, 23:23:43.373, 2007595270549, vstest.console.dll, TcpClientExtensions.MessageLoopAsync: Polling on remoteEndPoint: 127.0.0.1:59642 localEndPoint: 127.0.0.1:59641
TpTrace Verbose: 0 : 72660, 7, 2022/05/10, 23:23:43.405, 2007595598923, vstest.console.dll, TcpClientExtensions.MessageLoopAsync: NotifyDataAvailable remoteEndPoint: 127.0.0.1:59642 localEndPoint: 127.0.0.1:59641
TpTrace Verbose: 0 : 72660, 7, 2022/05/10, 23:23:43.406, 2007595600082, vstest.console.dll, TestRequestSender.OnExecutionMessageReceived: Received message: {"Version":5,"MessageType":"TestSession.Message","Payload":{"MessageLevel":0,"Message":"[xUnit.net 00:00:00.79]   Discovered:  CoterieApp.Test"}}
TpTrace Verbose: 0 : 72660, 7, 2022/05/10, 23:23:43.406, 2007595601433, vstest.console.dll, TestRunRequest:SendTestRunMessage: Starting.
TpTrace Information: 0 : 72660, 7, 2022/05/10, 23:23:43.406, 2007595601847, vstest.console.dll, TestRunRequest:SendTestRunMessage: Completed.
TpTrace Verbose: 0 : 72660, 7, 2022/05/10, 23:23:43.406, 2007595602099, vstest.console.dll, TcpClientExtensions.MessageLoopAsync: Polling on remoteEndPoint: 127.0.0.1:59642 localEndPoint: 127.0.0.1:59641
TpTrace Verbose: 0 : 72660, 7, 2022/05/10, 23:23:43.407, 2007595617705, vstest.console.dll, TcpClientExtensions.MessageLoopAsync: NotifyDataAvailable remoteEndPoint: 127.0.0.1:59642 localEndPoint: 127.0.0.1:59641
TpTrace Verbose: 0 : 72660, 7, 2022/05/10, 23:23:43.407, 2007595619020, vstest.console.dll, TestRequestSender.OnExecutionMessageReceived: Received message: {"Version":5,"MessageType":"TestSession.Message","Payload":{"MessageLevel":0,"Message":"[xUnit.net 00:00:00.79]   Starting:    CoterieApp.Test"}}
TpTrace Verbose: 0 : 72660, 7, 2022/05/10, 23:23:43.408, 2007595620476, vstest.console.dll, TestRunRequest:SendTestRunMessage: Starting.
TpTrace Information: 0 : 72660, 7, 2022/05/10, 23:23:43.408, 2007595620868, vstest.console.dll, TestRunRequest:SendTestRunMessage: Completed.
TpTrace Verbose: 0 : 72660, 7, 2022/05/10, 23:23:43.408, 2007595621091, vstest.console.dll, TcpClientExtensions.MessageLoopAsync: Polling on remoteEndPoint: 127.0.0.1:59642 localEndPoint: 127.0.0.1:59641
TpTrace Verbose: 0 : 72660, 7, 2022/05/10, 23:23:44.069, 2007602235350, vstest.console.dll, TcpClientExtensions.MessageLoopAsync: NotifyDataAvailable remoteEndPoint: 127.0.0.1:59642 localEndPoint: 127.0.0.1:59641
TpTrace Verbose: 0 : 72660, 7, 2022/05/10, 23:23:44.069, 2007602237831, vstest.console.dll, TestRequestSender.OnExecutionMessageReceived: Received message: {"Version":5,"MessageType":"TestExecution.StatsChange","Payload":{"NewTestResults":[{"TestCase":{"Id":"bba83d1d-426c-668e-8d06-3628a777535c","FullyQualifiedName":"CoterieApp.Test.App.Services.BusinessServiceTest.When_Context_IsNull_ThrowException","DisplayName":"CoterieApp.Test.App.Services.BusinessServiceTest.When_Context_IsNull_ThrowException","ExecutorUri":"executor://xunit/VsTestRunner2/netcoreapp","Source":"C:\\Source\\CoterieApp\\CoterieApp.Test\\bin\\Debug\\net6.0\\fine-code-coverage\\build-output\\CoterieApp.Test.dll","CodeFilePath":null,"LineNumber":0,"Properties":[]},"Attachments":[],"Outcome":1,"ErrorMessage":null,"ErrorStackTrace":null,"DisplayName":"CoterieApp.Test.App.Services.BusinessServiceTest.When_Context_IsNull_ThrowException","Messages":[],"ComputerName":"LAPTOP-ANDRES","Duration":"00:00:00.0662336","StartTime":"2022-05-11T04:23:43.5272933+00:00","EndTime":"2022-05-11T04:23:43.5273109+00:00","Properties":[]},{"TestCase":{"Id":"e7f225d6-27db-67f3-9c7f-170fc439d734","FullyQualifiedName":"CoterieApp.Test.App.Services.StateServiceTests.When_Context_IsNull_ThrowException","DisplayName":"CoterieApp.Test.App.Services.StateServiceTests.When_Context_IsNull_ThrowException","ExecutorUri":"executor://xunit/VsTestRunner2/netcoreapp","Source":"C:\\Source\\CoterieApp\\CoterieApp.Test\\bin\\Debug\\net6.0\\fine-code-coverage\\build-output\\CoterieApp.Test.dll","CodeFilePath":null,"LineNumber":0,"Properties":[]},"Attachments":[],"Outcome":1,"ErrorMessage":null,"ErrorStackTrace":null,"DisplayName":"CoterieApp.Test.App.Services.StateServiceTests.When_Context_IsNull_ThrowException","Messages":[],"ComputerName":"LAPTOP-ANDRES","Duration":"00:00:00.0662360","StartTime":"2022-05-11T04:23:43.5423006+00:00","EndTime":"2022-05-11T04:23:43.5423007+00:00","Properties":[]},{"TestCase":{"Id":"22e525e1-607c-ccaa-7e08-507982cc1c6d","FullyQualifiedName":"CoterieApp.Test.App.Services.QuoteEngineServiceTests.When_All_Params_Ok_Return_GenericResponse_IsSuccess_True","DisplayName":"CoterieApp.Test.App.Services.QuoteEngineServiceTests.When_All_Params_Ok_Return_GenericResponse_IsSuccess_True","ExecutorUri":"executor://xunit/VsTestRunner2/netcoreapp","Source":"C:\\Source\\CoterieApp\\CoterieApp.Test\\bin\\Debug\\net6.0\\fine-code-coverage\\build-output\\CoterieApp.Test.dll","CodeFilePath":null,"LineNumber":0,"Properties":[]},"Attachments":[],"Outcome":1,"ErrorMessage":null,"ErrorStackTrace":null,"DisplayName":"CoterieApp.Test.App.Services.QuoteEngineServiceTests.When_All_Params_Ok_Return_GenericResponse_IsSuccess_True","Messages":[],"ComputerName":"LAPTOP-ANDRES","Duration":"00:00:00.5402330","StartTime":"2022-05-11T04:23:43.9968658+00:00","EndTime":"2022-05-11T04:23:43.9968661+00:00","Properties":[]},{"TestCase":{"Id":"49971b78-3979-3cfd-7e98-c8c83531926d","FullyQualifiedName":"CoterieApp.Test.App.Services.QuoteEngineServiceTests.When_States_IsNull_Return_GenericResponse_IsSuccess_False","DisplayName":"CoterieApp.Test.App.Services.QuoteEngineServiceTests.When_States_IsNull_Return_GenericResponse_IsSuccess_False","ExecutorUri":"executor://xunit/VsTestRunner2/netcoreapp","Source":"C:\\Source\\CoterieApp\\CoterieApp.Test\\bin\\Debug\\net6.0\\fine-code-coverage\\build-output\\CoterieApp.Test.dll","CodeFilePath":null,"LineNumber":0,"Properties":[]},"Attachments":[],"Outcome":1,"ErrorMessage":null,"ErrorStackTrace":null,"DisplayName":"CoterieApp.Test.App.Services.QuoteEngineServiceTests.When_States_IsNull_Return_GenericResponse_IsSuccess_False","Messages":[],"ComputerName":"LAPTOP-ANDRES","Duration":"00:00:00.0290834","StartTime":"2022-05-11T04:23:44.0260035+00:00","EndTime":"2022-05-11T04:23:44.0260037+00:00","Properties":[]},{"TestCase":{"Id":"ae97fe8c-ba9a-f1e5-eb9c-3e3c720d687d","FullyQualifiedName":"CoterieApp.Test.App.Services.QuoteEngineServiceTests.When_Request_Has_No_Register_state_Return_GenericResponse_Message","DisplayName":"CoterieApp.Test.App.Services.QuoteEngineServiceTests.When_Request_Has_No_Register_state_Return_GenericResponse_Message","ExecutorUri":"executor://xunit/VsTestRunner2/netcoreapp","Source":"C:\\Source\\CoterieApp\\CoterieApp.Test\\bin\\Debug\\net6.0\\fine-code-coverage\\build-output\\CoterieApp.Test.dll","CodeFilePath":null,"LineNumber":0,"Properties":[]},"Attachments":[],"Outcome":1,"ErrorMessage":null,"ErrorStackTrace":null,"DisplayName":"CoterieApp.Test.App.Services.QuoteEngineServiceTests.When_Request_Has_No_Register_state_Return_GenericResponse_Message","Messages":[],"ComputerName":"LAPTOP-ANDRES","Duration":"00:00:00.0018898","StartTime":"2022-05-11T04:23:44.0281839+00:00","EndTime":"2022-05-11T04:23:44.028184+00:00","Properties":[]},{"TestCase":{"Id":"8edd040a-d144-5278-73c2-839a545317c2","FullyQualifiedName":"CoterieApp.Test.App.Services.QuoteEngineServiceTests.When_Request_Has_Business_String_Empty_Return_GenericResponse_Message","DisplayName":"CoterieApp.Test.App.Services.QuoteEngineServiceTests.When_Request_Has_Business_String_Empty_Return_GenericResponse_Message","ExecutorUri":"executor://xunit/VsTestRunner2/netcoreapp","Source":"C:\\Source\\CoterieApp\\CoterieApp.Test\\bin\\Debug\\net6.0\\fine-code-coverage\\build-output\\CoterieApp.Test.dll","CodeFilePath":null,"LineNumber":0,"Properties":[]},"Attachments":[],"Outcome":1,"ErrorMessage":null,"ErrorStackTrace":null,"DisplayName":"CoterieApp.Test.App.Services.QuoteEngineServiceTests.When_Request_Has_Business_String_Empty_Return_GenericResponse_Message","Messages":[],"ComputerName":"LAPTOP-ANDRES","Duration":"00:00:00.0012501","StartTime":"2022-05-11T04:23:44.03039+00:00","EndTime":"2022-05-11T04:23:44.0303901+00:00","Properties":[]},{"TestCase":{"Id":"e574ef5b-9a0d-133a-64cb-ec9bb141502a","FullyQualifiedName":"CoterieApp.Test.App.Services.QuoteEngineServiceTests.When_Context_IsNull_ThrowException","DisplayName":"CoterieApp.Test.App.Services.QuoteEngineServiceTests.When_Context_IsNull_ThrowException","ExecutorUri":"executor://xunit/VsTestRunner2/netcoreapp","Source":"C:\\Source\\CoterieApp\\CoterieApp.Test\\bin\\Debug\\net6.0\\fine-code-coverage\\build-output\\CoterieApp.Test.dll","CodeFilePath":null,"LineNumber":0,"Properties":[]},"Attachments":[],"Outcome":1,"ErrorMessage":null,"ErrorStackTrace":null,"DisplayName":"CoterieApp.Test.App.Services.QuoteEngineServiceTests.When_Context_IsNull_ThrowException","Messages":[],"ComputerName":"LAPTOP-ANDRES","Duration":"00:00:00.0003461","StartTime":"2022-05-11T04:23:44.032137+00:00","EndTime":"2022-05-11T04:23:44.0321371+00:00","Properties":[]}],"TestRunStatistics":{"ExecutedTests":7,"Stats":{"Passed":7}},"ActiveTests":[{"Id":"aee7d52c-d03c-fccc-ea56-8299ed20a260","FullyQualifiedName":"CoterieApp.Test.App.Services.BusinessServiceTest.When_Add_NewBusiness_All_Params_Right_IsNull_Return_IsSucces_True","DisplayName":"CoterieApp.Test.App.Services.BusinessServiceTest.When_Add_NewBusiness_All_Params_Right_IsNull_Return_IsSucces_True","ExecutorUri":"executor://xunit/VsTestRunner2/netcoreapp","Source":"C:\\Source\\CoterieApp\\CoterieApp.Test\\bin\\Debug\\net6.0\\fine-code-coverage\\build-output\\CoterieApp.Test.dll","CodeFilePath":null,"LineNumber":0,"Properties":[]},{"Id":"7d5e6215-e227-22b5-60ed-02b30ff53deb","FullyQualifiedName":"CoterieApp.Test.App.Services.StateServiceTests.When_Add_NewState_All_Params_Right_IsNull_Return_IsSucces_True","DisplayName":"CoterieApp.Test.App.Services.StateServiceTests.When_Add_NewState_All_Params_Right_IsNull_Return_IsSucces_True","ExecutorUri":"executor://xunit/VsTestRunner2/netcoreapp","Source":"C:\\Source\\CoterieApp\\CoterieApp.Test\\bin\\Debug\\net6.0\\fine-code-coverage\\build-output\\CoterieApp.Test.dll","CodeFilePath":null,"LineNumber":0,"Properties":[]}]}}
TpTrace Verbose: 0 : 72660, 7, 2022/05/10, 23:23:44.091, 2007602450886, vstest.console.dll, TestRunRequest:SendTestRunStatsChange: Starting.
TpTrace Verbose: 0 : 72660, 7, 2022/05/10, 23:23:44.091, 2007602452217, vstest.console.dll, InProgress is CoterieApp.Test.App.Services.BusinessServiceTest.When_Add_NewBusiness_All_Params_Right_IsNull_Return_IsSucces_True
TpTrace Verbose: 0 : 72660, 7, 2022/05/10, 23:23:44.091, 2007602453115, vstest.console.dll, InProgress is CoterieApp.Test.App.Services.StateServiceTests.When_Add_NewState_All_Params_Right_IsNull_Return_IsSucces_True
TpTrace Information: 0 : 72660, 7, 2022/05/10, 23:23:44.091, 2007602454900, vstest.console.dll, TestRunRequest:SendTestRunStatsChange: Completed.
TpTrace Verbose: 0 : 72660, 7, 2022/05/10, 23:23:44.091, 2007602455227, vstest.console.dll, TcpClientExtensions.MessageLoopAsync: Polling on remoteEndPoint: 127.0.0.1:59642 localEndPoint: 127.0.0.1:59641
TpTrace Verbose: 0 : 72660, 7, 2022/05/10, 23:23:44.091, 2007602455593, vstest.console.dll, TcpClientExtensions.MessageLoopAsync: NotifyDataAvailable remoteEndPoint: 127.0.0.1:59642 localEndPoint: 127.0.0.1:59641
TpTrace Verbose: 0 : 72660, 7, 2022/05/10, 23:23:44.091, 2007602456100, vstest.console.dll, TestRequestSender.OnExecutionMessageReceived: Received message: {"Version":5,"MessageType":"TestSession.Message","Payload":{"MessageLevel":0,"Message":"[xUnit.net 00:00:01.46]   Finished:    CoterieApp.Test"}}
TpTrace Verbose: 0 : 72660, 7, 2022/05/10, 23:23:44.091, 2007602457106, vstest.console.dll, TestRunRequest:SendTestRunMessage: Starting.
TpTrace Information: 0 : 72660, 7, 2022/05/10, 23:23:44.091, 2007602457403, vstest.console.dll, TestRunRequest:SendTestRunMessage: Completed.
TpTrace Verbose: 0 : 72660, 7, 2022/05/10, 23:23:44.091, 2007602457623, vstest.console.dll, TcpClientExtensions.MessageLoopAsync: Polling on remoteEndPoint: 127.0.0.1:59642 localEndPoint: 127.0.0.1:59641
TpTrace Verbose: 0 : 72660, 7, 2022/05/10, 23:23:44.094, 2007602486034, vstest.console.dll, TcpClientExtensions.MessageLoopAsync: NotifyDataAvailable remoteEndPoint: 127.0.0.1:59642 localEndPoint: 127.0.0.1:59641
TpTrace Verbose: 0 : 72660, 7, 2022/05/10, 23:23:44.094, 2007602487532, vstest.console.dll, TestRequestSender.OnExecutionMessageReceived: Received message: {"Version":5,"MessageType":"TestExecution.Completed","Payload":{"TestRunCompleteArgs":{"TestRunStatistics":{"ExecutedTests":11,"Stats":{"Passed":11}},"IsCanceled":false,"IsAborted":false,"Error":null,"AttachmentSets":[],"ElapsedTimeInRunningTests":"00:00:01.4746480","Metrics":{}},"LastRunTests":{"NewTestResults":[{"TestCase":{"Id":"7d5e6215-e227-22b5-60ed-02b30ff53deb","FullyQualifiedName":"CoterieApp.Test.App.Services.StateServiceTests.When_Add_NewState_All_Params_Right_IsNull_Return_IsSucces_True","DisplayName":"CoterieApp.Test.App.Services.StateServiceTests.When_Add_NewState_All_Params_Right_IsNull_Return_IsSucces_True","ExecutorUri":"executor://xunit/VsTestRunner2/netcoreapp","Source":"C:\\Source\\CoterieApp\\CoterieApp.Test\\bin\\Debug\\net6.0\\fine-code-coverage\\build-output\\CoterieApp.Test.dll","CodeFilePath":null,"LineNumber":0,"Properties":[]},"Attachments":[],"Outcome":1,"ErrorMessage":null,"ErrorStackTrace":null,"DisplayName":"CoterieApp.Test.App.Services.StateServiceTests.When_Add_NewState_All_Params_Right_IsNull_Return_IsSucces_True","Messages":[],"ComputerName":"LAPTOP-ANDRES","Duration":"00:00:00.5391399","StartTime":"2022-05-11T04:23:44.0644621+00:00","EndTime":"2022-05-11T04:23:44.0644623+00:00","Properties":[]},{"TestCase":{"Id":"aee7d52c-d03c-fccc-ea56-8299ed20a260","FullyQualifiedName":"CoterieApp.Test.App.Services.BusinessServiceTest.When_Add_NewBusiness_All_Params_Right_IsNull_Return_IsSucces_True","DisplayName":"CoterieApp.Test.App.Services.BusinessServiceTest.When_Add_NewBusiness_All_Params_Right_IsNull_Return_IsSucces_True","ExecutorUri":"executor://xunit/VsTestRunner2/netcoreapp","Source":"C:\\Source\\CoterieApp\\CoterieApp.Test\\bin\\Debug\\net6.0\\fine-code-coverage\\build-output\\CoterieApp.Test.dll","CodeFilePath":null,"LineNumber":0,"Properties":[]},"Attachments":[],"Outcome":1,"ErrorMessage":null,"ErrorStackTrace":null,"DisplayName":"CoterieApp.Test.App.Services.BusinessServiceTest.When_Add_NewBusiness_All_Params_Right_IsNull_Return_IsSucces_True","Messages":[],"ComputerName":"LAPTOP-ANDRES","Duration":"00:00:00.5391396","StartTime":"2022-05-11T04:23:44.0700343+00:00","EndTime":"2022-05-11T04:23:44.0700344+00:00","Properties":[]},{"TestCase":{"Id":"8fe72a0b-7190-6e38-fba1-b7eed2954eb1","FullyQualifiedName":"CoterieApp.Test.App.Services.BusinessServiceTest.When_Add_NewBussines_Already_Exists_IsNull_Return_Error_Message","DisplayName":"CoterieApp.Test.App.Services.BusinessServiceTest.When_Add_NewBussines_Already_Exists_IsNull_Return_Error_Message","ExecutorUri":"executor://xunit/VsTestRunner2/netcoreapp","Source":"C:\\Source\\CoterieApp\\CoterieApp.Test\\bin\\Debug\\net6.0\\fine-code-coverage\\build-output\\CoterieApp.Test.dll","CodeFilePath":null,"LineNumber":0,"Properties":[]},"Attachments":[],"Outcome":1,"ErrorMessage":null,"ErrorStackTrace":null,"DisplayName":"CoterieApp.Test.App.Services.BusinessServiceTest.When_Add_NewBussines_Already_Exists_IsNull_Return_Error_Message","Messages":[],"ComputerName":"LAPTOP-ANDRES","Duration":"00:00:00.0021715","StartTime":"2022-05-11T04:23:44.073247+00:00","EndTime":"2022-05-11T04:23:44.0732471+00:00","Properties":[]},{"TestCase":{"Id":"e2242e2e-61a8-3b91-1030-c82e0585fe54","FullyQualifiedName":"CoterieApp.Test.App.Services.StateServiceTests.When_Add_NewState_Already_Exists_IsNull_Return_Error_Message","DisplayName":"CoterieApp.Test.App.Services.StateServiceTests.When_Add_NewState_Already_Exists_IsNull_Return_Error_Message","ExecutorUri":"executor://xunit/VsTestRunner2/netcoreapp","Source":"C:\\Source\\CoterieApp\\CoterieApp.Test\\bin\\Debug\\net6.0\\fine-code-coverage\\build-output\\CoterieApp.Test.dll","CodeFilePath":null,"LineNumber":0,"Properties":[]},"Attachments":[],"Outcome":1,"ErrorMessage":null,"ErrorStackTrace":null,"DisplayName":"CoterieApp.Test.App.Services.StateServiceTests.When_Add_NewState_Already_Exists_IsNull_Return_Error_Message","Messages":[],"ComputerName":"LAPTOP-ANDRES","Duration":"00:00:00.0021712","StartTime":"2022-05-11T04:23:44.0743806+00:00","EndTime":"2022-05-11T04:23:44.0743806+00:00","Properties":[]}],"TestRunStatistics":{"ExecutedTests":11,"Stats":{"Passed":11}},"ActiveTests":[]},"RunAttachments":[],"ExecutorUris":["executor://xunit/VsTestRunner2/netcoreapp"]}}
TpTrace Verbose: 0 : 72660, 7, 2022/05/10, 23:23:44.095, 2007602490402, vstest.console.dll, TestRequestSender.EndSession: Sending end session.
TpTrace Verbose: 0 : 72660, 7, 2022/05/10, 23:23:44.095, 2007602491523, vstest.console.dll, ProxyOperationManager.Close: waiting for test host to exit for 100 ms
TpTrace Warning: 0 : 72660, 13, 2022/05/10, 23:23:44.114, 2007602682568, vstest.console.dll, TestHostManagerCallbacks.ErrorReceivedCallback Test host standard error line: 
TpTrace Verbose: 0 : 72660, 8, 2022/05/10, 23:23:44.128, 2007602822607, vstest.console.dll, TestHostProvider.ExitCallBack: Host exited starting callback.
TpTrace Information: 0 : 72660, 8, 2022/05/10, 23:23:44.128, 2007602828302, vstest.console.dll, TestHostManagerCallbacks.ExitCallBack: Testhost processId: 71636 exited with exitcode: 0 error: ''
TpTrace Verbose: 0 : 72660, 8, 2022/05/10, 23:23:44.128, 2007602828959, vstest.console.dll, DotnetTestHostManager.OnHostExited: invoking OnHostExited callback
TpTrace Verbose: 0 : 72660, 8, 2022/05/10, 23:23:44.128, 2007602829356, vstest.console.dll, CrossPlatEngine.TestHostManagerHostExited: calling on client process exit callback.
TpTrace Information: 0 : 72660, 8, 2022/05/10, 23:23:44.128, 2007602829725, vstest.console.dll, TestRequestSender.OnClientProcessExit: Test host process exited. Standard error: 
TpTrace Warning: 0 : 72660, 7, 2022/05/10, 23:23:44.128, 2007602829749, vstest.console.dll, ProxyOperationManager: Timed out waiting for test host to exit. Will terminate process.
TpTrace Information: 0 : 72660, 8, 2022/05/10, 23:23:44.128, 2007602829991, vstest.console.dll, SocketServer.Stop: Stop server endPoint: 127.0.0.1:59641
TpTrace Information: 0 : 72660, 8, 2022/05/10, 23:23:44.129, 2007602830649, vstest.console.dll, SocketServer.Stop: Cancellation requested. Stopping message loop.
TpTrace Verbose: 0 : 72660, 7, 2022/05/10, 23:23:44.129, 2007602835356, vstest.console.dll, ProxyDataCollectionManager.InvokeDataCollectionServiceAction: Starting.
TpTrace Information: 0 : 72660, 7, 2022/05/10, 23:23:44.129, 2007602836287, vstest.console.dll, ProxyDataCollectionManager.AfterTestRunEnd: Get attachment set for datacollector processId: 85228 port: 59638
TpTrace Verbose: 0 : 72660, 7, 2022/05/10, 23:23:44.129, 2007602836738, vstest.console.dll, DataCollectionRequestSender.SendAfterTestRunStartAndGetResult : Send AfterTestRunEnd message with isCancelled: False
TpTrace Verbose: 0 : 72660, 7, 2022/05/10, 23:23:44.133, 2007602871570, vstest.console.dll, DataCollectionRequestSender.SendAfterTestRunStartAndGetResult : Received message: (DataCollection.AfterTestRunEndResult) -> {
  "AttachmentSets": [],
  "Metrics": {}
}
TpTrace Information: 0 : 72660, 7, 2022/05/10, 23:23:44.136, 2007602908809, vstest.console.dll, ProxyDataCollectionManager.InvokeDataCollectionServiceAction: Completed.
TpTrace Warning: 0 : 72660, 10, 2022/05/10, 23:23:44.142, 2007602961868, vstest.console.dll, DataCollectionLauncher.ErrorReceivedCallback datacollector standard error line: 
TpTrace Information: 0 : 72660, 8, 2022/05/10, 23:23:44.144, 2007602980585, vstest.console.dll, DataCollectionLauncher.ExitCallBack: Data collector exited with exitcode: 0 error: ''
TpTrace Verbose: 0 : 72660, 7, 2022/05/10, 23:23:44.157, 2007603119819, vstest.console.dll, TestRunRequest:SendTestRunStatsChange: Starting.
TpTrace Information: 0 : 72660, 7, 2022/05/10, 23:23:44.158, 2007603121107, vstest.console.dll, TestRunRequest:SendTestRunStatsChange: Completed.
TpTrace Verbose: 0 : 72660, 7, 2022/05/10, 23:23:44.158, 2007603122676, vstest.console.dll, ParallelProxyExecutionManager: HandlePartialRunComplete: Total completed clients = 1, Run complete = True, Run canceled: False.
TpTrace Verbose: 0 : 72660, 7, 2022/05/10, 23:23:44.172, 2007603269979, vstest.console.dll, TestRunRequest:TestRunComplete: Starting. IsAborted:False IsCanceled:False.
TpTrace Verbose: 0 : 72660, 7, 2022/05/10, 23:23:44.173, 2007603271643, vstest.console.dll, TestLoggerManager.HandleTestRunComplete: Ignoring as the object is disposed.
TpTrace Information: 0 : 72660, 7, 2022/05/10, 23:23:44.173, 2007603275236, vstest.console.dll, TestRunRequest:TestRunComplete: Completed.
TpTrace Verbose: 0 : 72660, 1, 2022/05/10, 23:23:44.173, 2007603275747, vstest.console.dll, TestRunRequest.Dispose: Starting.
TpTrace Verbose: 0 : 72660, 7, 2022/05/10, 23:23:44.173, 2007603276014, vstest.console.dll, TestRequestSender.SetOperationComplete: Setting operation complete.
TpTrace Information: 0 : 72660, 1, 2022/05/10, 23:23:44.173, 2007603277041, vstest.console.dll, TestRunRequest.Dispose: Completed.
TpTrace Information: 0 : 72660, 7, 2022/05/10, 23:23:44.173, 2007603277768, vstest.console.dll, SocketServer.Stop: Stop server endPoint: 127.0.0.1:59641
TpTrace Information: 0 : 72660, 7, 2022/05/10, 23:23:44.173, 2007603278314, vstest.console.dll, SocketServer.Stop: Cancellation requested. Stopping message loop.
TpTrace Information: 0 : 72660, 7, 2022/05/10, 23:23:44.173, 2007603278871, vstest.console.dll, SocketServer.PrivateStop: Stopping server endPoint: 127.0.0.1:59641 error: 
TpTrace Information: 0 : 72660, 1, 2022/05/10, 23:23:44.173, 2007603279043, vstest.console.dll, TestRequestManager.RunTests: run tests completed.
TpTrace Information: 0 : 72660, 1, 2022/05/10, 23:23:44.173, 2007603280015, vstest.console.dll, RunTestsArgumentProcessor:Execute: Test run is completed.
TpTrace Verbose: 0 : 72660, 1, 2022/05/10, 23:23:44.174, 2007603281968, vstest.console.dll, Executor.Execute: Exiting with exit code of 0
TpTrace Verbose: 0 : 72660, 7, 2022/05/10, 23:23:44.174, 2007603284520, vstest.console.dll, LengthPrefixCommunicationChannel.Dispose: Dispose reader and writer.
TpTrace Information: 0 : 72660, 7, 2022/05/10, 23:23:44.174, 2007603285449, vstest.console.dll, SocketServer.Stop: Raise disconnected event endPoint: 127.0.0.1:59641 error: 
